<?xml version="1.0" encoding="UTF-8"?>
<testsuite name="JUnit Jupiter" tests="88" skipped="0" failures="0" errors="0" time="28" hostname="lenovo" timestamp="2025-06-04T14:26:47">
<properties>
[...]
</properties>
<testcase name="getAllChargingStations_WhenOperatorExists_ReturnsListOfChargingStations" classname="ua.tqs.smartvolt.smartvolt.services.ChargingStationServiceTest" time="0" started-at="2025-06-04T13:26:47.227241682" finished-at="2025-06-04T13:26:47.257270628">
<system-out><![CDATA[
unique-id: [engine:junit-jupiter]/[class:ua.tqs.smartvolt.smartvolt.services.ChargingStationServiceTest]/[method:getAllChargingStations_WhenOperatorExists_ReturnsListOfChargingStations()]
display-name: getAllChargingStations_WhenOperatorExists_ReturnsListOfChargingStations()
]]></system-out>
<properties>
<property name="requirements" value="SV-34"/>
<property name="tags" value="UnitTest"/>
<property name="_dummy_" value=""/>
</properties>
</testcase>
<testcase name="checkNotEmptyList_shouldThrowException_whenListIsNullOrEmpty" classname="ua.tqs.smartvolt.smartvolt.utils.validation.ValidatorTest" time="0" started-at="2025-06-04T13:26:46.38083791" finished-at="2025-06-04T13:26:46.381219303">
<system-out><![CDATA[
unique-id: [engine:junit-jupiter]/[class:ua.tqs.smartvolt.smartvolt.utils.validation.ValidatorTest]/[method:checkNotEmptyList_shouldThrowException_whenListIsNullOrEmpty()]
display-name: checkNotEmptyList_shouldThrowException_whenListIsNullOrEmpty()
]]></system-out>
<properties>
<property name="tags" value="UnitTest"/>
<property name="_dummy_" value=""/>
</properties>
</testcase>
<testcase name="activateChargingStation_WhenChargingStationExists_ThenActivatesChargingStation" classname="ua.tqs.smartvolt.smartvolt.integration.ChargingStationControllerIT" time="0" started-at="2025-06-04T13:26:31.340075835" finished-at="2025-06-04T13:26:31.455786972">
<system-out><![CDATA[
unique-id: [engine:junit-jupiter]/[class:ua.tqs.smartvolt.smartvolt.integration.ChargingStationControllerIT]/[method:activateChargingStation_WhenChargingStationExists_ThenActivatesChargingStation()]
display-name: activateChargingStation_WhenChargingStationExists_ThenActivatesChargingStation()
]]></system-out>
<properties>
<property name="requirements" value="SV-35"/>
<property name="tags" value="IT-Fast"/>
<property name="_dummy_" value=""/>
</properties>
</testcase>
<testcase name="checkLessThan_shouldThrowException_whenValueIsGreaterThanThreshold" classname="ua.tqs.smartvolt.smartvolt.utils.validation.ValidatorTest" time="0" started-at="2025-06-04T13:26:46.379684105" finished-at="2025-06-04T13:26:46.380037045">
<system-out><![CDATA[
unique-id: [engine:junit-jupiter]/[class:ua.tqs.smartvolt.smartvolt.utils.validation.ValidatorTest]/[method:checkLessThan_shouldThrowException_whenValueIsGreaterThanThreshold()]
display-name: checkLessThan_shouldThrowException_whenValueIsGreaterThanThreshold()
]]></system-out>
<properties>
<property name="tags" value="UnitTest"/>
<property name="_dummy_" value=""/>
</properties>
</testcase>
<testcase name="createBooking_NegativePower_ThrowsIllegalArgumentException" classname="ua.tqs.smartvolt.smartvolt.services.BookingServiceTest" time="0" started-at="2025-06-04T13:26:47.678745997" finished-at="2025-06-04T13:26:47.682243338">
<system-out><![CDATA[
unique-id: [engine:junit-jupiter]/[class:ua.tqs.smartvolt.smartvolt.services.BookingServiceTest]/[method:createBooking_NegativePower_ThrowsIllegalArgumentException()]
display-name: createBooking_NegativePower_ThrowsIllegalArgumentException()
]]></system-out>
<properties>
<property name="requirements" value="SV-242"/>
<property name="tags" value="UnitTest"/>
<property name="_dummy_" value=""/>
</properties>
</testcase>
<testcase name="getChargingStationsByChargingSpeed_WhenNoStationsFound_ThrowsResourceNotFoundException" classname="ua.tqs.smartvolt.smartvolt.services.ChargingStationServiceTest" time="0" started-at="2025-06-04T13:26:47.287254021" finished-at="2025-06-04T13:26:47.29044054">
<system-out><![CDATA[
unique-id: [engine:junit-jupiter]/[class:ua.tqs.smartvolt.smartvolt.services.ChargingStationServiceTest]/[method:getChargingStationsByChargingSpeed_WhenNoStationsFound_ThrowsResourceNotFoundException()]
display-name: getChargingStationsByChargingSpeed_WhenNoStationsFound_ThrowsResourceNotFoundException()
]]></system-out>
<properties>
<property name="requirements" value="SV-19"/>
<property name="tags" value="UnitTest"/>
<property name="_dummy_" value=""/>
</properties>
</testcase>
<testcase name="getChargingStationsByChargingSpeed_Unauthorized_ReturnsForbidden" classname="ua.tqs.smartvolt.smartvolt.integration.ServiceStationsMapControllerIT" time="0" started-at="2025-06-04T13:26:39.653337015" finished-at="2025-06-04T13:26:39.744336591">
<system-out><![CDATA[
unique-id: [engine:junit-jupiter]/[class:ua.tqs.smartvolt.smartvolt.integration.ServiceStationsMapControllerIT]/[method:getChargingStationsByChargingSpeed_Unauthorized_ReturnsForbidden()]
display-name: getChargingStationsByChargingSpeed_Unauthorized_ReturnsForbidden()
]]></system-out>
<properties>
<property name="requirements" value="SV-19"/>
<property name="tags" value="IT-Fast"/>
<property name="_dummy_" value=""/>
</properties>
</testcase>
<testcase name="createBooking_AlreadyOccupiedSlot_ReturnsConflict" classname="ua.tqs.smartvolt.smartvolt.integration.BookingControllerIT" time="0" started-at="2025-06-04T13:26:45.7539374" finished-at="2025-06-04T13:26:45.94864047">
<system-out><![CDATA[
unique-id: [engine:junit-jupiter]/[class:ua.tqs.smartvolt.smartvolt.integration.BookingControllerIT]/[method:createBooking_AlreadyOccupiedSlot_ReturnsConflict()]
display-name: createBooking_AlreadyOccupiedSlot_ReturnsConflict()
]]></system-out>
<properties>
<property name="requirements" value="SV-242"/>
<property name="tags" value="IT-Fast,IT-Booking"/>
<property name="_dummy_" value=""/>
</properties>
</testcase>
<testcase name="createBooking_InvalidSlotId_ThrowsResourceNotFoundException" classname="ua.tqs.smartvolt.smartvolt.services.BookingServiceTest" time="0" started-at="2025-06-04T13:26:47.629347306" finished-at="2025-06-04T13:26:47.6337963">
<system-out><![CDATA[
unique-id: [engine:junit-jupiter]/[class:ua.tqs.smartvolt.smartvolt.services.BookingServiceTest]/[method:createBooking_InvalidSlotId_ThrowsResourceNotFoundException()]
display-name: createBooking_InvalidSlotId_ThrowsResourceNotFoundException()
]]></system-out>
<properties>
<property name="requirements" value="SV-242"/>
<property name="tags" value="UnitTest"/>
<property name="_dummy_" value=""/>
</properties>
</testcase>
<testcase name="createBooking_PriceNotFoundForSlot_ThrowsResourceNotFoundException" classname="ua.tqs.smartvolt.smartvolt.services.BookingServiceTest" time="0" started-at="2025-06-04T13:26:47.671298481" finished-at="2025-06-04T13:26:47.675247003">
<system-out><![CDATA[
unique-id: [engine:junit-jupiter]/[class:ua.tqs.smartvolt.smartvolt.services.BookingServiceTest]/[method:createBooking_PriceNotFoundForSlot_ThrowsResourceNotFoundException()]
display-name: createBooking_PriceNotFoundForSlot_ThrowsResourceNotFoundException()
]]></system-out>
<properties>
<property name="requirements" value="SV-242"/>
<property name="tags" value="UnitTest"/>
<property name="_dummy_" value=""/>
</properties>
</testcase>
<testcase name="createBooking_StartTimeInPast_ThrowsIllegalArgumentException" classname="ua.tqs.smartvolt.smartvolt.services.BookingServiceTest" time="0" started-at="2025-06-04T13:26:47.667060896" finished-at="2025-06-04T13:26:47.671018805">
<system-out><![CDATA[
unique-id: [engine:junit-jupiter]/[class:ua.tqs.smartvolt.smartvolt.services.BookingServiceTest]/[method:createBooking_StartTimeInPast_ThrowsIllegalArgumentException()]
display-name: createBooking_StartTimeInPast_ThrowsIllegalArgumentException()
]]></system-out>
<properties>
<property name="requirements" value="SV-242"/>
<property name="tags" value="UnitTest"/>
<property name="_dummy_" value=""/>
</properties>
</testcase>
<testcase name="createBooking_ValidRequest_ReturnsCreatedBookingAndSavesToDb" classname="ua.tqs.smartvolt.smartvolt.integration.BookingControllerIT" time="0" started-at="2025-06-04T13:26:45.199413969" finished-at="2025-06-04T13:26:45.410847864">
<system-out><![CDATA[
unique-id: [engine:junit-jupiter]/[class:ua.tqs.smartvolt.smartvolt.integration.BookingControllerIT]/[method:createBooking_ValidRequest_ReturnsCreatedBookingAndSavesToDb()]
display-name: createBooking_ValidRequest_ReturnsCreatedBookingAndSavesToDb()
]]></system-out>
<properties>
<property name="requirements" value="SV-242"/>
<property name="tags" value="IT-Fast,IT-Booking"/>
<property name="_dummy_" value=""/>
</properties>
</testcase>
<testcase name="finalizeBookingPayment_BookingAlreadyPaid_ThrowsException" classname="ua.tqs.smartvolt.smartvolt.services.BookingServiceTest" time="0" started-at="2025-06-04T13:26:47.655021322" finished-at="2025-06-04T13:26:47.658883686">
<system-out><![CDATA[
unique-id: [engine:junit-jupiter]/[class:ua.tqs.smartvolt.smartvolt.services.BookingServiceTest]/[method:finalizeBookingPayment_BookingAlreadyPaid_ThrowsException()]
display-name: finalizeBookingPayment_BookingAlreadyPaid_ThrowsException()
]]></system-out>
<properties>
<property name="requirements" value="SV-243"/>
<property name="tags" value="UnitTest"/>
<property name="_dummy_" value=""/>
</properties>
</testcase>
<testcase name="getAllChargingStations_WhenOperatorNotExists_ThenThrowsResourceNotFoundException" classname="ua.tqs.smartvolt.smartvolt.integration.ChargingStationControllerIT" time="0" started-at="2025-06-04T13:26:31.598532154" finished-at="2025-06-04T13:26:31.726939356">
<system-out><![CDATA[
unique-id: [engine:junit-jupiter]/[class:ua.tqs.smartvolt.smartvolt.integration.ChargingStationControllerIT]/[method:getAllChargingStations_WhenOperatorNotExists_ThenThrowsResourceNotFoundException()]
display-name: getAllChargingStations_WhenOperatorNotExists_ThenThrowsResourceNotFoundException()
]]></system-out>
<properties>
<property name="requirements" value="SV-34"/>
<property name="tags" value="IT-Fast"/>
<property name="_dummy_" value=""/>
</properties>
</testcase>
<testcase name="getSessions_ValidRequest_ReturnsSessions" classname="ua.tqs.smartvolt.smartvolt.integration.ChargingSessionControllerIT" time="0" started-at="2025-06-04T13:26:42.271168511" finished-at="2025-06-04T13:26:42.420201761">
<system-out><![CDATA[
unique-id: [engine:junit-jupiter]/[class:ua.tqs.smartvolt.smartvolt.integration.ChargingSessionControllerIT]/[method:getSessions_ValidRequest_ReturnsSessions()]
display-name: getSessions_ValidRequest_ReturnsSessions()
]]></system-out>
<properties>
<property name="requirements" value="SV-36"/>
<property name="tags" value="IT-Fast"/>
<property name="_dummy_" value=""/>
</properties>
</testcase>
<testcase name="checkNotEmptyMap_shouldThrowException_whenMapIsNullOrEmpty" classname="ua.tqs.smartvolt.smartvolt.utils.validation.ValidatorTest" time="0" started-at="2025-06-04T13:26:46.373456646" finished-at="2025-06-04T13:26:46.374193162">
<system-out><![CDATA[
unique-id: [engine:junit-jupiter]/[class:ua.tqs.smartvolt.smartvolt.utils.validation.ValidatorTest]/[method:checkNotEmptyMap_shouldThrowException_whenMapIsNullOrEmpty()]
display-name: checkNotEmptyMap_shouldThrowException_whenMapIsNullOrEmpty()
]]></system-out>
<properties>
<property name="tags" value="UnitTest"/>
<property name="_dummy_" value=""/>
</properties>
</testcase>
<testcase name="createBooking_SlotAlreadyBooked_ThrowsSlotAlreadyBookedException" classname="ua.tqs.smartvolt.smartvolt.services.BookingServiceTest" time="0" started-at="2025-06-04T13:26:47.650921411" finished-at="2025-06-04T13:26:47.654724085">
<system-out><![CDATA[
unique-id: [engine:junit-jupiter]/[class:ua.tqs.smartvolt.smartvolt.services.BookingServiceTest]/[method:createBooking_SlotAlreadyBooked_ThrowsSlotAlreadyBookedException()]
display-name: createBooking_SlotAlreadyBooked_ThrowsSlotAlreadyBookedException()
]]></system-out>
<properties>
<property name="requirements" value="SV-242"/>
<property name="tags" value="UnitTest"/>
<property name="_dummy_" value=""/>
</properties>
</testcase>
<testcase name="createChargingSlot_WhenValidRequest_ReturnsCreatedSlot" classname="ua.tqs.smartvolt.smartvolt.services.ChargingSlotServiceTest" time="0" started-at="2025-06-04T13:26:47.705838265" finished-at="2025-06-04T13:26:47.709461398">
<system-out><![CDATA[
unique-id: [engine:junit-jupiter]/[class:ua.tqs.smartvolt.smartvolt.services.ChargingSlotServiceTest]/[method:createChargingSlot_WhenValidRequest_ReturnsCreatedSlot()]
display-name: createChargingSlot_WhenValidRequest_ReturnsCreatedSlot()
]]></system-out>
<properties>
<property name="requirements" value="SV-68"/>
<property name="tags" value="UnitTest"/>
<property name="_dummy_" value=""/>
</properties>
</testcase>
<testcase name="createChargingSlot_WhenValidRequest_ReturnsCreatedSlot" classname="ua.tqs.smartvolt.smartvolt.integration.ChargingStationSlotsControllerIT" time="0" started-at="2025-06-04T13:26:35.93939428" finished-at="2025-06-04T13:26:36.132841952">
<system-out><![CDATA[
unique-id: [engine:junit-jupiter]/[class:ua.tqs.smartvolt.smartvolt.integration.ChargingStationSlotsControllerIT]/[method:createChargingSlot_WhenValidRequest_ReturnsCreatedSlot()]
display-name: createChargingSlot_WhenValidRequest_ReturnsCreatedSlot()
]]></system-out>
<properties>
<property name="requirements" value="SV-68"/>
<property name="tags" value="IT-Fast"/>
<property name="_dummy_" value=""/>
</properties>
</testcase>
<testcase name="getChargingSlotsByStationId_MixedStationFiltersBySpeed_ReturnsCorrectSlots" classname="ua.tqs.smartvolt.smartvolt.integration.ChargingStationSlotsControllerIT" time="0" started-at="2025-06-04T13:26:35.227122685" finished-at="2025-06-04T13:26:35.53726281">
<system-out><![CDATA[
unique-id: [engine:junit-jupiter]/[class:ua.tqs.smartvolt.smartvolt.integration.ChargingStationSlotsControllerIT]/[method:getChargingSlotsByStationId_MixedStationFiltersBySpeed_ReturnsCorrectSlots()]
display-name: getChargingSlotsByStationId_MixedStationFiltersBySpeed_ReturnsCorrectSlots()
]]></system-out>
<properties>
<property name="requirements" value="SV-24"/>
<property name="tags" value="IT-Fast"/>
<property name="_dummy_" value=""/>
</properties>
</testcase>
<testcase name="checkCoordinates_shouldThrowException_whenCoordinatesAreInvalid" classname="ua.tqs.smartvolt.smartvolt.utils.validation.ValidatorTest" time="0" started-at="2025-06-04T13:26:46.375664793" finished-at="2025-06-04T13:26:46.376350175">
<system-out><![CDATA[
unique-id: [engine:junit-jupiter]/[class:ua.tqs.smartvolt.smartvolt.utils.validation.ValidatorTest]/[method:checkCoordinates_shouldThrowException_whenCoordinatesAreInvalid()]
display-name: checkCoordinates_shouldThrowException_whenCoordinatesAreInvalid()
]]></system-out>
<properties>
<property name="tags" value="UnitTest"/>
<property name="_dummy_" value=""/>
</properties>
</testcase>
<testcase name="finalizeBookingPayment_BookingExpired_ThrowsExceptionAndDeletesBooking" classname="ua.tqs.smartvolt.smartvolt.services.BookingServiceTest" time="0" started-at="2025-06-04T13:26:47.638649208" finished-at="2025-06-04T13:26:47.642690301">
<system-out><![CDATA[
unique-id: [engine:junit-jupiter]/[class:ua.tqs.smartvolt.smartvolt.services.BookingServiceTest]/[method:finalizeBookingPayment_BookingExpired_ThrowsExceptionAndDeletesBooking()]
display-name: finalizeBookingPayment_BookingExpired_ThrowsExceptionAndDeletesBooking()
]]></system-out>
<properties>
<property name="requirements" value="SV-243"/>
<property name="tags" value="UnitTest"/>
<property name="_dummy_" value=""/>
</properties>
</testcase>
<testcase name="createBooking_Unauthorized_ReturnsForbidden" classname="ua.tqs.smartvolt.smartvolt.integration.BookingControllerIT" time="0" started-at="2025-06-04T13:26:44.779541855" finished-at="2025-06-04T13:26:45.012612973">
<system-out><![CDATA[
unique-id: [engine:junit-jupiter]/[class:ua.tqs.smartvolt.smartvolt.integration.BookingControllerIT]/[method:createBooking_Unauthorized_ReturnsForbidden()]
display-name: createBooking_Unauthorized_ReturnsForbidden()
]]></system-out>
<properties>
<property name="requirements" value="SV-242"/>
<property name="tags" value="IT-Fast,IT-Booking"/>
<property name="_dummy_" value=""/>
</properties>
</testcase>
<testcase name="checkGreaterThan_shouldThrowException_whenValueIsNull" classname="ua.tqs.smartvolt.smartvolt.utils.validation.ValidatorTest" time="0" started-at="2025-06-04T13:26:46.374802114" finished-at="2025-06-04T13:26:46.37514767">
<system-out><![CDATA[
unique-id: [engine:junit-jupiter]/[class:ua.tqs.smartvolt.smartvolt.utils.validation.ValidatorTest]/[method:checkGreaterThan_shouldThrowException_whenValueIsNull()]
display-name: checkGreaterThan_shouldThrowException_whenValueIsNull()
]]></system-out>
<properties>
<property name="tags" value="UnitTest"/>
<property name="_dummy_" value=""/>
</properties>
</testcase>
<testcase name="createBooking_PowerNotFoundForSlot_ThrowsResourceNotFoundException" classname="ua.tqs.smartvolt.smartvolt.services.BookingServiceTest" time="0" started-at="2025-06-04T13:26:47.414829825" finished-at="2025-06-04T13:26:47.622375586">
<system-out><![CDATA[
unique-id: [engine:junit-jupiter]/[class:ua.tqs.smartvolt.smartvolt.services.BookingServiceTest]/[method:createBooking_PowerNotFoundForSlot_ThrowsResourceNotFoundException()]
display-name: createBooking_PowerNotFoundForSlot_ThrowsResourceNotFoundException()
]]></system-out>
<properties>
<property name="requirements" value="SV-242"/>
<property name="tags" value="UnitTest"/>
<property name="_dummy_" value=""/>
</properties>
</testcase>
<testcase name="createBooking_InvalidStartTimeInterval_ReturnsBadRequest" classname="ua.tqs.smartvolt.smartvolt.integration.BookingControllerIT" time="0" started-at="2025-06-04T13:26:45.949087003" finished-at="2025-06-04T13:26:46.116789112">
<system-out><![CDATA[
unique-id: [engine:junit-jupiter]/[class:ua.tqs.smartvolt.smartvolt.integration.BookingControllerIT]/[method:createBooking_InvalidStartTimeInterval_ReturnsBadRequest()]
display-name: createBooking_InvalidStartTimeInterval_ReturnsBadRequest()
]]></system-out>
<properties>
<property name="requirements" value="SV-242"/>
<property name="tags" value="IT-Fast,IT-Booking"/>
<property name="_dummy_" value=""/>
</properties>
</testcase>
<testcase name="getAvailableSlots_NoSlotsForSelectedSpeed_ReturnsEmptyListAndZeroPrice" classname="ua.tqs.smartvolt.smartvolt.services.ChargingSlotServiceTest" time="0" started-at="2025-06-04T13:26:47.709747465" finished-at="2025-06-04T13:26:47.712517576">
<system-out><![CDATA[
unique-id: [engine:junit-jupiter]/[class:ua.tqs.smartvolt.smartvolt.services.ChargingSlotServiceTest]/[method:getAvailableSlots_NoSlotsForSelectedSpeed_ReturnsEmptyListAndZeroPrice()]
display-name: getAvailableSlots_NoSlotsForSelectedSpeed_ReturnsEmptyListAndZeroPrice()
]]></system-out>
<properties>
<property name="requirements" value="SV-24"/>
<property name="tags" value="UnitTest"/>
<property name="_dummy_" value=""/>
</properties>
</testcase>
<testcase name="getAllChargingStations_WhenOperatorExists_ThenListOfChargingStations" classname="ua.tqs.smartvolt.smartvolt.integration.ChargingStationControllerIT" time="0" started-at="2025-06-04T13:26:31.456524952" finished-at="2025-06-04T13:26:31.597924725">
<system-out><![CDATA[
unique-id: [engine:junit-jupiter]/[class:ua.tqs.smartvolt.smartvolt.integration.ChargingStationControllerIT]/[method:getAllChargingStations_WhenOperatorExists_ThenListOfChargingStations()]
display-name: getAllChargingStations_WhenOperatorExists_ThenListOfChargingStations()
]]></system-out>
<properties>
<property name="requirements" value="SV-34"/>
<property name="tags" value="IT-Fast"/>
<property name="_dummy_" value=""/>
</properties>
</testcase>
<testcase name="checkNotNull_shouldNotThrowException_whenObjectIsNotNull" classname="ua.tqs.smartvolt.smartvolt.utils.validation.ValidatorTest" time="0" started-at="2025-06-04T13:26:46.376908012" finished-at="2025-06-04T13:26:46.377320913">
<system-out><![CDATA[
unique-id: [engine:junit-jupiter]/[class:ua.tqs.smartvolt.smartvolt.utils.validation.ValidatorTest]/[method:checkNotNull_shouldNotThrowException_whenObjectIsNotNull()]
display-name: checkNotNull_shouldNotThrowException_whenObjectIsNotNull()
]]></system-out>
<properties>
<property name="tags" value="UnitTest"/>
<property name="_dummy_" value=""/>
</properties>
</testcase>
<testcase name="checkLessThan_shouldThrowException_whenValueIsNull" classname="ua.tqs.smartvolt.smartvolt.utils.validation.ValidatorTest" time="0" started-at="2025-06-04T13:26:46.383202946" finished-at="2025-06-04T13:26:46.383543493">
<system-out><![CDATA[
unique-id: [engine:junit-jupiter]/[class:ua.tqs.smartvolt.smartvolt.utils.validation.ValidatorTest]/[method:checkLessThan_shouldThrowException_whenValueIsNull()]
display-name: checkLessThan_shouldThrowException_whenValueIsNull()
]]></system-out>
<properties>
<property name="tags" value="UnitTest"/>
<property name="_dummy_" value=""/>
</properties>
</testcase>
<testcase name="getChargingStationsByChargingSpeed_FilterMedium_ReturnsOnlyMediumStations" classname="ua.tqs.smartvolt.smartvolt.integration.ServiceStationsMapControllerIT" time="0" started-at="2025-06-04T13:26:39.092268323" finished-at="2025-06-04T13:26:39.235561835">
<system-out><![CDATA[
unique-id: [engine:junit-jupiter]/[class:ua.tqs.smartvolt.smartvolt.integration.ServiceStationsMapControllerIT]/[method:getChargingStationsByChargingSpeed_FilterMedium_ReturnsOnlyMediumStations()]
display-name: getChargingStationsByChargingSpeed_FilterMedium_ReturnsOnlyMediumStations()
]]></system-out>
<properties>
<property name="requirements" value="SV-19"/>
<property name="tags" value="IT-Fast"/>
<property name="_dummy_" value=""/>
</properties>
</testcase>
<testcase name="createBooking_InvalidDriverId_ThrowsResourceNotFoundException" classname="ua.tqs.smartvolt.smartvolt.services.BookingServiceTest" time="0" started-at="2025-06-04T13:26:47.646987385" finished-at="2025-06-04T13:26:47.650609326">
<system-out><![CDATA[
unique-id: [engine:junit-jupiter]/[class:ua.tqs.smartvolt.smartvolt.services.BookingServiceTest]/[method:createBooking_InvalidDriverId_ThrowsResourceNotFoundException()]
display-name: createBooking_InvalidDriverId_ThrowsResourceNotFoundException()
]]></system-out>
<properties>
<property name="requirements" value="SV-242"/>
<property name="tags" value="UnitTest"/>
<property name="_dummy_" value=""/>
</properties>
</testcase>
<testcase name="createChargingSlot_WhenInvalidChargingSpeed_ThrowsInvalidRequestException" classname="ua.tqs.smartvolt.smartvolt.services.ChargingSlotServiceTest" time="0" started-at="2025-06-04T13:26:47.690838308" finished-at="2025-06-04T13:26:47.693916227">
<system-out><![CDATA[
unique-id: [engine:junit-jupiter]/[class:ua.tqs.smartvolt.smartvolt.services.ChargingSlotServiceTest]/[method:createChargingSlot_WhenInvalidChargingSpeed_ThrowsInvalidRequestException()]
display-name: createChargingSlot_WhenInvalidChargingSpeed_ThrowsInvalidRequestException()
]]></system-out>
<properties>
<property name="requirements" value="SV-68"/>
<property name="tags" value="UnitTest"/>
<property name="_dummy_" value=""/>
</properties>
</testcase>
<testcase name="checkLessThan_shouldNotThrowException_whenValueIsLessThanThreshold" classname="ua.tqs.smartvolt.smartvolt.utils.validation.ValidatorTest" time="0" started-at="2025-06-04T13:26:46.383623641" finished-at="2025-06-04T13:26:46.383951936">
<system-out><![CDATA[
unique-id: [engine:junit-jupiter]/[class:ua.tqs.smartvolt.smartvolt.utils.validation.ValidatorTest]/[method:checkLessThan_shouldNotThrowException_whenValueIsLessThanThreshold()]
display-name: checkLessThan_shouldNotThrowException_whenValueIsLessThanThreshold()
]]></system-out>
<properties>
<property name="tags" value="UnitTest"/>
<property name="_dummy_" value=""/>
</properties>
</testcase>
<testcase name="finalizeBookingPayment_ValidBookingNotUsed_StatusChangesToPaid" classname="ua.tqs.smartvolt.smartvolt.services.BookingServiceTest" time="0" started-at="2025-06-04T13:26:47.659191943" finished-at="2025-06-04T13:26:47.662569935">
<system-out><![CDATA[
unique-id: [engine:junit-jupiter]/[class:ua.tqs.smartvolt.smartvolt.services.BookingServiceTest]/[method:finalizeBookingPayment_ValidBookingNotUsed_StatusChangesToPaid()]
display-name: finalizeBookingPayment_ValidBookingNotUsed_StatusChangesToPaid()
]]></system-out>
<properties>
<property name="requirements" value="SV-26"/>
<property name="tags" value="UnitTest"/>
<property name="_dummy_" value=""/>
</properties>
</testcase>
<testcase name="getChargingSlotsByStationId_PastDate_ReturnsEmptyListAndZeroPrice" classname="ua.tqs.smartvolt.smartvolt.integration.ChargingStationSlotsControllerIT" time="0" started-at="2025-06-04T13:26:34.67295898" finished-at="2025-06-04T13:26:34.856344882">
<system-out><![CDATA[
unique-id: [engine:junit-jupiter]/[class:ua.tqs.smartvolt.smartvolt.integration.ChargingStationSlotsControllerIT]/[method:getChargingSlotsByStationId_PastDate_ReturnsEmptyListAndZeroPrice()]
display-name: getChargingSlotsByStationId_PastDate_ReturnsEmptyListAndZeroPrice()
]]></system-out>
<properties>
<property name="requirements" value="SV-24"/>
<property name="tags" value="IT-Fast"/>
<property name="_dummy_" value=""/>
</properties>
</testcase>
<testcase name="updateChargingStationStatus_WhenStationExists_UpdatesAvailability" classname="ua.tqs.smartvolt.smartvolt.services.ChargingStationServiceTest" time="0" started-at="2025-06-04T13:26:47.257777472" finished-at="2025-06-04T13:26:47.263020318">
<system-out><![CDATA[
unique-id: [engine:junit-jupiter]/[class:ua.tqs.smartvolt.smartvolt.services.ChargingStationServiceTest]/[method:updateChargingStationStatus_WhenStationExists_UpdatesAvailability()]
display-name: updateChargingStationStatus_WhenStationExists_UpdatesAvailability()
]]></system-out>
<properties>
<property name="requirements" value="SV-35"/>
<property name="tags" value="UnitTest"/>
<property name="_dummy_" value=""/>
</properties>
</testcase>
<testcase name="getChargingStationsByChargingSpeed_NoFilters_ReturnsBadRequest" classname="ua.tqs.smartvolt.smartvolt.integration.ServiceStationsMapControllerIT" time="0" started-at="2025-06-04T13:26:39.330529048" finished-at="2025-06-04T13:26:39.419392179">
<system-out><![CDATA[
unique-id: [engine:junit-jupiter]/[class:ua.tqs.smartvolt.smartvolt.integration.ServiceStationsMapControllerIT]/[method:getChargingStationsByChargingSpeed_NoFilters_ReturnsBadRequest()]
display-name: getChargingStationsByChargingSpeed_NoFilters_ReturnsBadRequest()
]]></system-out>
<properties>
<property name="requirements" value="SV-19"/>
<property name="tags" value="IT-Fast"/>
<property name="_dummy_" value=""/>
</properties>
</testcase>
<testcase name="getChargingSlotsByStationId_NoSlotsForSelectedSpeed_ReturnsEmptyListAndZeroPrice" classname="ua.tqs.smartvolt.smartvolt.integration.ChargingStationSlotsControllerIT" time="0" started-at="2025-06-04T13:26:36.476800022" finished-at="2025-06-04T13:26:36.64903286">
<system-out><![CDATA[
unique-id: [engine:junit-jupiter]/[class:ua.tqs.smartvolt.smartvolt.integration.ChargingStationSlotsControllerIT]/[method:getChargingSlotsByStationId_NoSlotsForSelectedSpeed_ReturnsEmptyListAndZeroPrice()]
display-name: getChargingSlotsByStationId_NoSlotsForSelectedSpeed_ReturnsEmptyListAndZeroPrice()
]]></system-out>
<properties>
<property name="requirements" value="SV-24"/>
<property name="tags" value="IT-Fast"/>
<property name="_dummy_" value=""/>
</properties>
</testcase>
<testcase name="createBooking_InvalidSlotId_ReturnsNotFound" classname="ua.tqs.smartvolt.smartvolt.integration.BookingControllerIT" time="0" started-at="2025-06-04T13:26:45.584082755" finished-at="2025-06-04T13:26:45.753489856">
<system-out><![CDATA[
unique-id: [engine:junit-jupiter]/[class:ua.tqs.smartvolt.smartvolt.integration.BookingControllerIT]/[method:createBooking_InvalidSlotId_ReturnsNotFound()]
display-name: createBooking_InvalidSlotId_ReturnsNotFound()
]]></system-out>
<properties>
<property name="requirements" value="SV-242"/>
<property name="tags" value="IT-Fast,IT-Booking"/>
<property name="_dummy_" value=""/>
</properties>
</testcase>
<testcase name="createChargingStation_WhenOperatorDoesNotExist_ThrowsResourceNotFoundException" classname="ua.tqs.smartvolt.smartvolt.services.ChargingStationServiceTest" time="0" started-at="2025-06-04T13:26:47.263486687" finished-at="2025-06-04T13:26:47.267318003">
<system-out><![CDATA[
unique-id: [engine:junit-jupiter]/[class:ua.tqs.smartvolt.smartvolt.services.ChargingStationServiceTest]/[method:createChargingStation_WhenOperatorDoesNotExist_ThrowsResourceNotFoundException()]
display-name: createChargingStation_WhenOperatorDoesNotExist_ThrowsResourceNotFoundException()
]]></system-out>
<properties>
<property name="requirements" value="SV-34"/>
<property name="tags" value="UnitTest"/>
<property name="_dummy_" value=""/>
</properties>
</testcase>
<testcase name="createChargingSlot_WhenStationNotFound_ReturnsNotFound" classname="ua.tqs.smartvolt.smartvolt.integration.ChargingStationSlotsControllerIT" time="0" started-at="2025-06-04T13:26:35.039593652" finished-at="2025-06-04T13:26:35.226355992">
<system-out><![CDATA[
unique-id: [engine:junit-jupiter]/[class:ua.tqs.smartvolt.smartvolt.integration.ChargingStationSlotsControllerIT]/[method:createChargingSlot_WhenStationNotFound_ReturnsNotFound()]
display-name: createChargingSlot_WhenStationNotFound_ReturnsNotFound()
]]></system-out>
<properties>
<property name="requirements" value="SV-68"/>
<property name="tags" value="IT-Fast"/>
<property name="_dummy_" value=""/>
</properties>
</testcase>
<testcase name="getEnergyConsumption_ReturnsOperatorEnergyResponse" classname="ua.tqs.smartvolt.smartvolt.services.BookingServiceTest" time="0" started-at="2025-06-04T13:26:47.675504237" finished-at="2025-06-04T13:26:47.678495376">
<system-out><![CDATA[
unique-id: [engine:junit-jupiter]/[class:ua.tqs.smartvolt.smartvolt.services.BookingServiceTest]/[method:getEnergyConsumption_ReturnsOperatorEnergyResponse()]
display-name: getEnergyConsumption_ReturnsOperatorEnergyResponse()
]]></system-out>
<properties>
<property name="requirements" value="SV-36"/>
<property name="tags" value="UnitTest"/>
<property name="_dummy_" value=""/>
</properties>
</testcase>
<testcase name="createBooking_MissingStartTime_ReturnsInternalServerError" classname="ua.tqs.smartvolt.smartvolt.integration.BookingControllerIT" time="0" started-at="2025-06-04T13:26:45.411312169" finished-at="2025-06-04T13:26:45.583623619">
<system-out><![CDATA[
unique-id: [engine:junit-jupiter]/[class:ua.tqs.smartvolt.smartvolt.integration.BookingControllerIT]/[method:createBooking_MissingStartTime_ReturnsInternalServerError()]
display-name: createBooking_MissingStartTime_ReturnsInternalServerError()
]]></system-out>
<properties>
<property name="requirements" value="SV-242"/>
<property name="tags" value="IT-Fast,IT-Booking"/>
<property name="_dummy_" value=""/>
</properties>
</testcase>
<testcase name="getAvailableSlots_SomeSlotsBooked_ReturnsOnlyAvailableSlots" classname="ua.tqs.smartvolt.smartvolt.services.ChargingSlotServiceTest" time="0" started-at="2025-06-04T13:26:47.697158028" finished-at="2025-06-04T13:26:47.705468163">
<system-out><![CDATA[
unique-id: [engine:junit-jupiter]/[class:ua.tqs.smartvolt.smartvolt.services.ChargingSlotServiceTest]/[method:getAvailableSlots_SomeSlotsBooked_ReturnsOnlyAvailableSlots()]
display-name: getAvailableSlots_SomeSlotsBooked_ReturnsOnlyAvailableSlots()
]]></system-out>
<properties>
<property name="requirements" value="SV-24"/>
<property name="tags" value="UnitTest"/>
<property name="_dummy_" value=""/>
</properties>
</testcase>
<testcase name="checkNotEmptyString_shouldNotThrowException_whenStringIsNotEmpty" classname="ua.tqs.smartvolt.smartvolt.utils.validation.ValidatorTest" time="0" started-at="2025-06-04T13:26:46.377403425" finished-at="2025-06-04T13:26:46.377733593">
<system-out><![CDATA[
unique-id: [engine:junit-jupiter]/[class:ua.tqs.smartvolt.smartvolt.utils.validation.ValidatorTest]/[method:checkNotEmptyString_shouldNotThrowException_whenStringIsNotEmpty()]
display-name: checkNotEmptyString_shouldNotThrowException_whenStringIsNotEmpty()
]]></system-out>
<properties>
<property name="tags" value="UnitTest"/>
<property name="_dummy_" value=""/>
</properties>
</testcase>
<testcase name="checkCoordinates_shouldNotThrowException_whenCoordinatesAreValid" classname="ua.tqs.smartvolt.smartvolt.utils.validation.ValidatorTest" time="0" started-at="2025-06-04T13:26:46.377827546" finished-at="2025-06-04T13:26:46.378604687">
<system-out><![CDATA[
unique-id: [engine:junit-jupiter]/[class:ua.tqs.smartvolt.smartvolt.utils.validation.ValidatorTest]/[method:checkCoordinates_shouldNotThrowException_whenCoordinatesAreValid()]
display-name: checkCoordinates_shouldNotThrowException_whenCoordinatesAreValid()
]]></system-out>
<properties>
<property name="tags" value="UnitTest"/>
<property name="_dummy_" value=""/>
</properties>
</testcase>
<testcase name="checkCoordinates_shouldThrowException_whenLatitudeIsNull" classname="ua.tqs.smartvolt.smartvolt.utils.validation.ValidatorTest" time="0" started-at="2025-06-04T13:26:46.381780026" finished-at="2025-06-04T13:26:46.382161017">
<system-out><![CDATA[
unique-id: [engine:junit-jupiter]/[class:ua.tqs.smartvolt.smartvolt.utils.validation.ValidatorTest]/[method:checkCoordinates_shouldThrowException_whenLatitudeIsNull()]
display-name: checkCoordinates_shouldThrowException_whenLatitudeIsNull()
]]></system-out>
<properties>
<property name="tags" value="UnitTest"/>
<property name="_dummy_" value=""/>
</properties>
</testcase>
<testcase name="getChargingSlotsByStationId_Unauthorized_ReturnsForbidden" classname="ua.tqs.smartvolt.smartvolt.integration.ChargingStationSlotsControllerIT" time="0" started-at="2025-06-04T13:26:34.856822632" finished-at="2025-06-04T13:26:35.03901692">
<system-out><![CDATA[
unique-id: [engine:junit-jupiter]/[class:ua.tqs.smartvolt.smartvolt.integration.ChargingStationSlotsControllerIT]/[method:getChargingSlotsByStationId_Unauthorized_ReturnsForbidden()]
display-name: getChargingSlotsByStationId_Unauthorized_ReturnsForbidden()
]]></system-out>
<properties>
<property name="requirements" value="SV-24"/>
<property name="tags" value="IT-Fast"/>
<property name="_dummy_" value=""/>
</properties>
</testcase>
<testcase name="getChargingStationsByChargingSpeed_WhenInputSpeedsAreNull_ThrowsResourceNotFoundException" classname="ua.tqs.smartvolt.smartvolt.services.ChargingStationServiceTest" time="0" started-at="2025-06-04T13:26:47.275741217" finished-at="2025-06-04T13:26:47.279140237">
<system-out><![CDATA[
unique-id: [engine:junit-jupiter]/[class:ua.tqs.smartvolt.smartvolt.services.ChargingStationServiceTest]/[method:getChargingStationsByChargingSpeed_WhenInputSpeedsAreNull_ThrowsResourceNotFoundException()]
display-name: getChargingStationsByChargingSpeed_WhenInputSpeedsAreNull_ThrowsResourceNotFoundException()
]]></system-out>
<properties>
<property name="requirements" value="SV-19"/>
<property name="tags" value="UnitTest"/>
<property name="_dummy_" value=""/>
</properties>
</testcase>
<testcase name="createChargingSlot_WhenStationNotFound_ThrowsResourceNotFoundException" classname="ua.tqs.smartvolt.smartvolt.services.ChargingSlotServiceTest" time="0" started-at="2025-06-04T13:26:47.726101665" finished-at="2025-06-04T13:26:47.729039797">
<system-out><![CDATA[
unique-id: [engine:junit-jupiter]/[class:ua.tqs.smartvolt.smartvolt.services.ChargingSlotServiceTest]/[method:createChargingSlot_WhenStationNotFound_ThrowsResourceNotFoundException()]
display-name: createChargingSlot_WhenStationNotFound_ThrowsResourceNotFoundException()
]]></system-out>
<properties>
<property name="requirements" value="SV-68"/>
<property name="tags" value="UnitTest"/>
<property name="_dummy_" value=""/>
</properties>
</testcase>
<testcase name="createBooking_ValidRequest_ReturnsCreatedBooking" classname="ua.tqs.smartvolt.smartvolt.services.BookingServiceTest" time="0" started-at="2025-06-04T13:26:47.622778098" finished-at="2025-06-04T13:26:47.628971755">
<system-out><![CDATA[
unique-id: [engine:junit-jupiter]/[class:ua.tqs.smartvolt.smartvolt.services.BookingServiceTest]/[method:createBooking_ValidRequest_ReturnsCreatedBooking()]
display-name: createBooking_ValidRequest_ReturnsCreatedBooking()
]]></system-out>
<properties>
<property name="requirements" value="SV-242"/>
<property name="tags" value="UnitTest"/>
<property name="_dummy_" value=""/>
</properties>
</testcase>
<testcase name="finalizeBookingPayment_BookingNotFound_ThrowsException" classname="ua.tqs.smartvolt.smartvolt.services.BookingServiceTest" time="0" started-at="2025-06-04T13:26:47.634109688" finished-at="2025-06-04T13:26:47.638325222">
<system-out><![CDATA[
unique-id: [engine:junit-jupiter]/[class:ua.tqs.smartvolt.smartvolt.services.BookingServiceTest]/[method:finalizeBookingPayment_BookingNotFound_ThrowsException()]
display-name: finalizeBookingPayment_BookingNotFound_ThrowsException()
]]></system-out>
<properties>
<property name="requirements" value="SV-243"/>
<property name="tags" value="UnitTest"/>
<property name="_dummy_" value=""/>
</properties>
</testcase>
<testcase name="checkNotEmptyList_shouldNotThrowException_whenListIsNotEmpty" classname="ua.tqs.smartvolt.smartvolt.utils.validation.ValidatorTest" time="0" started-at="2025-06-04T13:26:46.37431659" finished-at="2025-06-04T13:26:46.374717578">
<system-out><![CDATA[
unique-id: [engine:junit-jupiter]/[class:ua.tqs.smartvolt.smartvolt.utils.validation.ValidatorTest]/[method:checkNotEmptyList_shouldNotThrowException_whenListIsNotEmpty()]
display-name: checkNotEmptyList_shouldNotThrowException_whenListIsNotEmpty()
]]></system-out>
<properties>
<property name="tags" value="UnitTest"/>
<property name="_dummy_" value=""/>
</properties>
</testcase>
<testcase name="checkUrl_shouldNotThrowException_whenUrlIsValid" classname="ua.tqs.smartvolt.smartvolt.utils.validation.ValidatorTest" time="0" started-at="2025-06-04T13:26:46.382643416" finished-at="2025-06-04T13:26:46.383121606">
<system-out><![CDATA[
unique-id: [engine:junit-jupiter]/[class:ua.tqs.smartvolt.smartvolt.utils.validation.ValidatorTest]/[method:checkUrl_shouldNotThrowException_whenUrlIsValid()]
display-name: checkUrl_shouldNotThrowException_whenUrlIsValid()
]]></system-out>
<properties>
<property name="tags" value="UnitTest"/>
<property name="_dummy_" value=""/>
</properties>
</testcase>
<testcase name="getChargingStationsByChargingSpeed_FilterSlowAndMedium_ReturnsCorrectStations" classname="ua.tqs.smartvolt.smartvolt.integration.ServiceStationsMapControllerIT" time="0" started-at="2025-06-04T13:26:39.744955731" finished-at="2025-06-04T13:26:39.853235624">
<system-out><![CDATA[
unique-id: [engine:junit-jupiter]/[class:ua.tqs.smartvolt.smartvolt.integration.ServiceStationsMapControllerIT]/[method:getChargingStationsByChargingSpeed_FilterSlowAndMedium_ReturnsCorrectStations()]
display-name: getChargingStationsByChargingSpeed_FilterSlowAndMedium_ReturnsCorrectStations()
]]></system-out>
<properties>
<property name="requirements" value="SV-19"/>
<property name="tags" value="IT-Fast"/>
<property name="_dummy_" value=""/>
</properties>
</testcase>
<testcase name="createChargingStation_WhenOperatorExists_ThenCreatesChargingStation" classname="ua.tqs.smartvolt.smartvolt.integration.ChargingStationControllerIT" time="0" started-at="2025-06-04T13:26:30.983573926" finished-at="2025-06-04T13:26:31.214664621">
<system-out><![CDATA[
unique-id: [engine:junit-jupiter]/[class:ua.tqs.smartvolt.smartvolt.integration.ChargingStationControllerIT]/[method:createChargingStation_WhenOperatorExists_ThenCreatesChargingStation()]
display-name: createChargingStation_WhenOperatorExists_ThenCreatesChargingStation()
]]></system-out>
<properties>
<property name="requirements" value="SV-34"/>
<property name="tags" value="IT-Fast"/>
<property name="_dummy_" value=""/>
</properties>
</testcase>
<testcase name="checkGreaterThan_shouldThrowException_whenValueIsLessThanThreshold" classname="ua.tqs.smartvolt.smartvolt.utils.validation.ValidatorTest" time="0" started-at="2025-06-04T13:26:46.376476798" finished-at="2025-06-04T13:26:46.376816043">
<system-out><![CDATA[
unique-id: [engine:junit-jupiter]/[class:ua.tqs.smartvolt.smartvolt.utils.validation.ValidatorTest]/[method:checkGreaterThan_shouldThrowException_whenValueIsLessThanThreshold()]
display-name: checkGreaterThan_shouldThrowException_whenValueIsLessThanThreshold()
]]></system-out>
<properties>
<property name="tags" value="UnitTest"/>
<property name="_dummy_" value=""/>
</properties>
</testcase>
<testcase name="checkLessThan_shouldThrowException_whenValueIsEqualToThreshold" classname="ua.tqs.smartvolt.smartvolt.utils.validation.ValidatorTest" time="0" started-at="2025-06-04T13:26:46.382245443" finished-at="2025-06-04T13:26:46.38256422">
<system-out><![CDATA[
unique-id: [engine:junit-jupiter]/[class:ua.tqs.smartvolt.smartvolt.utils.validation.ValidatorTest]/[method:checkLessThan_shouldThrowException_whenValueIsEqualToThreshold()]
display-name: checkLessThan_shouldThrowException_whenValueIsEqualToThreshold()
]]></system-out>
<properties>
<property name="tags" value="UnitTest"/>
<property name="_dummy_" value=""/>
</properties>
</testcase>
<testcase name="checkNotNull_shouldThrowException_whenObjectIsNull" classname="ua.tqs.smartvolt.smartvolt.utils.validation.ValidatorTest" time="0" started-at="2025-06-04T13:26:46.381318375" finished-at="2025-06-04T13:26:46.381694859">
<system-out><![CDATA[
unique-id: [engine:junit-jupiter]/[class:ua.tqs.smartvolt.smartvolt.utils.validation.ValidatorTest]/[method:checkNotNull_shouldThrowException_whenObjectIsNull()]
display-name: checkNotNull_shouldThrowException_whenObjectIsNull()
]]></system-out>
<properties>
<property name="tags" value="UnitTest"/>
<property name="_dummy_" value=""/>
</properties>
</testcase>
<testcase name="getChargingStationsByChargingSpeed_WhenStationsFound_ReturnsChargingStationsResponse" classname="ua.tqs.smartvolt.smartvolt.services.ChargingStationServiceTest" time="0" started-at="2025-06-04T13:26:47.2676585" finished-at="2025-06-04T13:26:47.275287621">
<system-out><![CDATA[
unique-id: [engine:junit-jupiter]/[class:ua.tqs.smartvolt.smartvolt.services.ChargingStationServiceTest]/[method:getChargingStationsByChargingSpeed_WhenStationsFound_ReturnsChargingStationsResponse()]
display-name: getChargingStationsByChargingSpeed_WhenStationsFound_ReturnsChargingStationsResponse()
]]></system-out>
<properties>
<property name="requirements" value="SV-19"/>
<property name="tags" value="UnitTest"/>
<property name="_dummy_" value=""/>
</properties>
</testcase>
<testcase name="updateChargingStationStatus_WhenStationNotExists_ThenThrowsResourceNotFoundException" classname="ua.tqs.smartvolt.smartvolt.integration.ChargingStationControllerIT" time="2" started-at="2025-06-04T13:26:28.869873286" finished-at="2025-06-04T13:26:30.982285813">
<system-out><![CDATA[
unique-id: [engine:junit-jupiter]/[class:ua.tqs.smartvolt.smartvolt.integration.ChargingStationControllerIT]/[method:updateChargingStationStatus_WhenStationNotExists_ThenThrowsResourceNotFoundException()]
display-name: updateChargingStationStatus_WhenStationNotExists_ThenThrowsResourceNotFoundException()
]]></system-out>
<properties>
<property name="requirements" value="SV-35"/>
<property name="tags" value="IT-Fast"/>
<property name="_dummy_" value=""/>
</properties>
</testcase>
<testcase name="checkUrl_shouldThrowException_whenUrlIsInvalid" classname="ua.tqs.smartvolt.smartvolt.utils.validation.ValidatorTest" time="0" started-at="2025-06-04T13:26:46.38012617" finished-at="2025-06-04T13:26:46.380759656">
<system-out><![CDATA[
unique-id: [engine:junit-jupiter]/[class:ua.tqs.smartvolt.smartvolt.utils.validation.ValidatorTest]/[method:checkUrl_shouldThrowException_whenUrlIsInvalid()]
display-name: checkUrl_shouldThrowException_whenUrlIsInvalid()
]]></system-out>
<properties>
<property name="tags" value="UnitTest"/>
<property name="_dummy_" value=""/>
</properties>
</testcase>
<testcase name="checkNotEmptyString_shouldThrowException_whenStringIsNullOrEmpty" classname="ua.tqs.smartvolt.smartvolt.utils.validation.ValidatorTest" time="0" started-at="2025-06-04T13:26:46.378694032" finished-at="2025-06-04T13:26:46.379184084">
<system-out><![CDATA[
unique-id: [engine:junit-jupiter]/[class:ua.tqs.smartvolt.smartvolt.utils.validation.ValidatorTest]/[method:checkNotEmptyString_shouldThrowException_whenStringIsNullOrEmpty()]
display-name: checkNotEmptyString_shouldThrowException_whenStringIsNullOrEmpty()
]]></system-out>
<properties>
<property name="tags" value="UnitTest"/>
<property name="_dummy_" value=""/>
</properties>
</testcase>
<testcase name="createChargingStation_WhenOperatorExists_CreatesChargingStation" classname="ua.tqs.smartvolt.smartvolt.services.ChargingStationServiceTest" time="0" started-at="2025-06-04T13:26:47.279484571" finished-at="2025-06-04T13:26:47.283535532">
<system-out><![CDATA[
unique-id: [engine:junit-jupiter]/[class:ua.tqs.smartvolt.smartvolt.services.ChargingStationServiceTest]/[method:createChargingStation_WhenOperatorExists_CreatesChargingStation()]
display-name: createChargingStation_WhenOperatorExists_CreatesChargingStation()
]]></system-out>
<properties>
<property name="requirements" value="SV-34"/>
<property name="tags" value="UnitTest"/>
<property name="_dummy_" value=""/>
</properties>
</testcase>
<testcase name="checkGreaterThan_shouldNotThrowException_whenValueIsGraterThanThreshold" classname="ua.tqs.smartvolt.smartvolt.utils.validation.ValidatorTest" time="0" started-at="2025-06-04T13:26:46.379280161" finished-at="2025-06-04T13:26:46.379598949">
<system-out><![CDATA[
unique-id: [engine:junit-jupiter]/[class:ua.tqs.smartvolt.smartvolt.utils.validation.ValidatorTest]/[method:checkGreaterThan_shouldNotThrowException_whenValueIsGraterThanThreshold()]
display-name: checkGreaterThan_shouldNotThrowException_whenValueIsGraterThanThreshold()
]]></system-out>
<properties>
<property name="tags" value="UnitTest"/>
<property name="_dummy_" value=""/>
</properties>
</testcase>
<testcase name="getAvailableSlots_FutureDate_ReturnsAvailableSlots" classname="ua.tqs.smartvolt.smartvolt.services.ChargingSlotServiceTest" time="0" started-at="2025-06-04T13:26:47.712785119" finished-at="2025-06-04T13:26:47.719509935">
<system-out><![CDATA[
unique-id: [engine:junit-jupiter]/[class:ua.tqs.smartvolt.smartvolt.services.ChargingSlotServiceTest]/[method:getAvailableSlots_FutureDate_ReturnsAvailableSlots()]
display-name: getAvailableSlots_FutureDate_ReturnsAvailableSlots()
]]></system-out>
<properties>
<property name="requirements" value="SV-24"/>
<property name="tags" value="UnitTest"/>
<property name="_dummy_" value=""/>
</properties>
</testcase>
<testcase name="createBooking_NegativePricePerKWh_ThrowsIllegalArgumentException" classname="ua.tqs.smartvolt.smartvolt.services.BookingServiceTest" time="0" started-at="2025-06-04T13:26:47.662866581" finished-at="2025-06-04T13:26:47.666760994">
<system-out><![CDATA[
unique-id: [engine:junit-jupiter]/[class:ua.tqs.smartvolt.smartvolt.services.BookingServiceTest]/[method:createBooking_NegativePricePerKWh_ThrowsIllegalArgumentException()]
display-name: createBooking_NegativePricePerKWh_ThrowsIllegalArgumentException()
]]></system-out>
<properties>
<property name="requirements" value="SV-242"/>
<property name="tags" value="UnitTest"/>
<property name="_dummy_" value=""/>
</properties>
</testcase>
<testcase name="checkLessThan_shouldThrowException_whenValueIsEqualToExpected" classname="ua.tqs.smartvolt.smartvolt.utils.validation.ValidatorTest" time="0" started-at="2025-06-04T13:26:46.37523957" finished-at="2025-06-04T13:26:46.375584695">
<system-out><![CDATA[
unique-id: [engine:junit-jupiter]/[class:ua.tqs.smartvolt.smartvolt.utils.validation.ValidatorTest]/[method:checkLessThan_shouldThrowException_whenValueIsEqualToExpected()]
display-name: checkLessThan_shouldThrowException_whenValueIsEqualToExpected()
]]></system-out>
<properties>
<property name="tags" value="UnitTest"/>
<property name="_dummy_" value=""/>
</properties>
</testcase>
<testcase name="createBooking_InvalidStartTimeInterval_ThrowsIllegalArgumentException" classname="ua.tqs.smartvolt.smartvolt.services.BookingServiceTest" time="0" started-at="2025-06-04T13:26:47.642964306" finished-at="2025-06-04T13:26:47.646714763">
<system-out><![CDATA[
unique-id: [engine:junit-jupiter]/[class:ua.tqs.smartvolt.smartvolt.services.BookingServiceTest]/[method:createBooking_InvalidStartTimeInterval_ThrowsIllegalArgumentException()]
display-name: createBooking_InvalidStartTimeInterval_ThrowsIllegalArgumentException()
]]></system-out>
<properties>
<property name="requirements" value="SV-242"/>
<property name="tags" value="UnitTest"/>
<property name="_dummy_" value=""/>
</properties>
</testcase>
<testcase name="getAvailableSlots_PastDate_ReturnsEmptyListAndZeroPrice" classname="ua.tqs.smartvolt.smartvolt.services.ChargingSlotServiceTest" time="0" started-at="2025-06-04T13:26:47.729363934" finished-at="2025-06-04T13:26:47.731307543">
<system-out><![CDATA[
unique-id: [engine:junit-jupiter]/[class:ua.tqs.smartvolt.smartvolt.services.ChargingSlotServiceTest]/[method:getAvailableSlots_PastDate_ReturnsEmptyListAndZeroPrice()]
display-name: getAvailableSlots_PastDate_ReturnsEmptyListAndZeroPrice()
]]></system-out>
<properties>
<property name="requirements" value="SV-24"/>
<property name="tags" value="UnitTest"/>
<property name="_dummy_" value=""/>
</properties>
</testcase>
<testcase name="updateChargingStationStatus_WhenStationDoesNotExist_ThrowsResourceNotFoundException" classname="ua.tqs.smartvolt.smartvolt.services.ChargingStationServiceTest" time="0" started-at="2025-06-04T13:26:47.191296119" finished-at="2025-06-04T13:26:47.22668104">
<system-out><![CDATA[
unique-id: [engine:junit-jupiter]/[class:ua.tqs.smartvolt.smartvolt.services.ChargingStationServiceTest]/[method:updateChargingStationStatus_WhenStationDoesNotExist_ThrowsResourceNotFoundException()]
display-name: updateChargingStationStatus_WhenStationDoesNotExist_ThrowsResourceNotFoundException()
]]></system-out>
<properties>
<property name="requirements" value="SV-35"/>
<property name="tags" value="UnitTest"/>
<property name="_dummy_" value=""/>
</properties>
</testcase>
<testcase name="deactivateChargingStation_WhenChargingStationExists_ThenDeactivatesChargingStation" classname="ua.tqs.smartvolt.smartvolt.integration.ChargingStationControllerIT" time="0" started-at="2025-06-04T13:26:31.215283801" finished-at="2025-06-04T13:26:31.339526904">
<system-out><![CDATA[
unique-id: [engine:junit-jupiter]/[class:ua.tqs.smartvolt.smartvolt.integration.ChargingStationControllerIT]/[method:deactivateChargingStation_WhenChargingStationExists_ThenDeactivatesChargingStation()]
display-name: deactivateChargingStation_WhenChargingStationExists_ThenDeactivatesChargingStation()
]]></system-out>
<properties>
<property name="requirements" value="SV-35"/>
<property name="tags" value="IT-Fast"/>
<property name="_dummy_" value=""/>
</properties>
</testcase>
<testcase name="getChargingStationsByChargingSpeed_FilterFast_ReturnsOnlyFastStations" classname="ua.tqs.smartvolt.smartvolt.integration.ServiceStationsMapControllerIT" time="0" started-at="2025-06-04T13:26:39.54256372" finished-at="2025-06-04T13:26:39.652745195">
<system-out><![CDATA[
unique-id: [engine:junit-jupiter]/[class:ua.tqs.smartvolt.smartvolt.integration.ServiceStationsMapControllerIT]/[method:getChargingStationsByChargingSpeed_FilterFast_ReturnsOnlyFastStations()]
display-name: getChargingStationsByChargingSpeed_FilterFast_ReturnsOnlyFastStations()
]]></system-out>
<properties>
<property name="requirements" value="SV-19"/>
<property name="tags" value="IT-Fast"/>
<property name="_dummy_" value=""/>
</properties>
</testcase>
<testcase name="checkNotEmptyMap_shouldNotThrowException_whenMapIsNotEmpty" classname="ua.tqs.smartvolt.smartvolt.utils.validation.ValidatorTest" time="0" started-at="2025-06-04T13:26:46.371644979" finished-at="2025-06-04T13:26:46.373346192">
<system-out><![CDATA[
unique-id: [engine:junit-jupiter]/[class:ua.tqs.smartvolt.smartvolt.utils.validation.ValidatorTest]/[method:checkNotEmptyMap_shouldNotThrowException_whenMapIsNotEmpty()]
display-name: checkNotEmptyMap_shouldNotThrowException_whenMapIsNotEmpty()
]]></system-out>
<properties>
<property name="tags" value="UnitTest"/>
<property name="_dummy_" value=""/>
</properties>
</testcase>
<testcase name="getChargingStationsByChargingSpeed_FilterSlow_ReturnsOnlySlowStations" classname="ua.tqs.smartvolt.smartvolt.integration.ServiceStationsMapControllerIT" time="0" started-at="2025-06-04T13:26:39.419849832" finished-at="2025-06-04T13:26:39.541995543">
<system-out><![CDATA[
unique-id: [engine:junit-jupiter]/[class:ua.tqs.smartvolt.smartvolt.integration.ServiceStationsMapControllerIT]/[method:getChargingStationsByChargingSpeed_FilterSlow_ReturnsOnlySlowStations()]
display-name: getChargingStationsByChargingSpeed_FilterSlow_ReturnsOnlySlowStations()
]]></system-out>
<properties>
<property name="requirements" value="SV-19"/>
<property name="tags" value="IT-Fast"/>
<property name="_dummy_" value=""/>
</properties>
</testcase>
<testcase name="getAvailableSlots_InvalidStationId_ThrowsResourceNotFoundException" classname="ua.tqs.smartvolt.smartvolt.services.ChargingSlotServiceTest" time="0" started-at="2025-06-04T13:26:47.694201232" finished-at="2025-06-04T13:26:47.696924408">
<system-out><![CDATA[
unique-id: [engine:junit-jupiter]/[class:ua.tqs.smartvolt.smartvolt.services.ChargingSlotServiceTest]/[method:getAvailableSlots_InvalidStationId_ThrowsResourceNotFoundException()]
display-name: getAvailableSlots_InvalidStationId_ThrowsResourceNotFoundException()
]]></system-out>
<properties>
<property name="requirements" value="SV-24"/>
<property name="tags" value="UnitTest"/>
<property name="_dummy_" value=""/>
</properties>
</testcase>
<testcase name="getChargingSlotsByStationId_InvalidStationId_ReturnsNotFound" classname="ua.tqs.smartvolt.smartvolt.integration.ChargingStationSlotsControllerIT" time="0" started-at="2025-06-04T13:26:35.53776274" finished-at="2025-06-04T13:26:35.70971384">
<system-out><![CDATA[
unique-id: [engine:junit-jupiter]/[class:ua.tqs.smartvolt.smartvolt.integration.ChargingStationSlotsControllerIT]/[method:getChargingSlotsByStationId_InvalidStationId_ReturnsNotFound()]
display-name: getChargingSlotsByStationId_InvalidStationId_ReturnsNotFound()
]]></system-out>
<properties>
<property name="requirements" value="SV-24"/>
<property name="tags" value="IT-Fast"/>
<property name="_dummy_" value=""/>
</properties>
</testcase>
<testcase name="getChargingStationsByChargingSpeed_InvalidSpeed_ReturnsEmptyListOrError" classname="ua.tqs.smartvolt.smartvolt.integration.ServiceStationsMapControllerIT" time="0" started-at="2025-06-04T13:26:39.236106478" finished-at="2025-06-04T13:26:39.330026923">
<system-out><![CDATA[
unique-id: [engine:junit-jupiter]/[class:ua.tqs.smartvolt.smartvolt.integration.ServiceStationsMapControllerIT]/[method:getChargingStationsByChargingSpeed_InvalidSpeed_ReturnsEmptyListOrError()]
display-name: getChargingStationsByChargingSpeed_InvalidSpeed_ReturnsEmptyListOrError()
]]></system-out>
<properties>
<property name="requirements" value="SV-19"/>
<property name="tags" value="IT-Fast"/>
<property name="_dummy_" value=""/>
</properties>
</testcase>
<testcase name="getChargingSlotsByStationId_ValidRequest_ReturnsAvailableSlots" classname="ua.tqs.smartvolt.smartvolt.integration.ChargingStationSlotsControllerIT" time="0" started-at="2025-06-04T13:26:34.336416172" finished-at="2025-06-04T13:26:34.672324892">
<system-out><![CDATA[
unique-id: [engine:junit-jupiter]/[class:ua.tqs.smartvolt.smartvolt.integration.ChargingStationSlotsControllerIT]/[method:getChargingSlotsByStationId_ValidRequest_ReturnsAvailableSlots()]
display-name: getChargingSlotsByStationId_ValidRequest_ReturnsAvailableSlots()
]]></system-out>
<properties>
<property name="requirements" value="SV-24"/>
<property name="tags" value="IT-Fast"/>
<property name="_dummy_" value=""/>
</properties>
</testcase>
<testcase name="getChargingSlotsByStationId_FutureDate_ReturnsAvailableSlots" classname="ua.tqs.smartvolt.smartvolt.integration.ChargingStationSlotsControllerIT" time="0" started-at="2025-06-04T13:26:35.710241522" finished-at="2025-06-04T13:26:35.938800015">
<system-out><![CDATA[
unique-id: [engine:junit-jupiter]/[class:ua.tqs.smartvolt.smartvolt.integration.ChargingStationSlotsControllerIT]/[method:getChargingSlotsByStationId_FutureDate_ReturnsAvailableSlots()]
display-name: getChargingSlotsByStationId_FutureDate_ReturnsAvailableSlots()
]]></system-out>
<properties>
<property name="requirements" value="SV-24"/>
<property name="tags" value="IT-Fast"/>
<property name="_dummy_" value=""/>
</properties>
</testcase>
<testcase name="getSessions_ShouldReturnOperatorSessionsResponse" classname="ua.tqs.smartvolt.smartvolt.services.ChargingSessionServiceTest" time="0" started-at="2025-06-04T13:26:47.299369936" finished-at="2025-06-04T13:26:47.404872827">
<system-out><![CDATA[
unique-id: [engine:junit-jupiter]/[class:ua.tqs.smartvolt.smartvolt.services.ChargingSessionServiceTest]/[method:getSessions_ShouldReturnOperatorSessionsResponse()]
display-name: getSessions_ShouldReturnOperatorSessionsResponse()
]]></system-out>
<properties>
<property name="requirements" value="SV-36"/>
<property name="tags" value="UnitTest"/>
<property name="_dummy_" value=""/>
</properties>
</testcase>
<testcase name="createChargingSlot_WhenInvalidChargingSpeed_ReturnsBadRequest" classname="ua.tqs.smartvolt.smartvolt.integration.ChargingStationSlotsControllerIT" time="0" started-at="2025-06-04T13:26:36.13333453" finished-at="2025-06-04T13:26:36.297537617">
<system-out><![CDATA[
unique-id: [engine:junit-jupiter]/[class:ua.tqs.smartvolt.smartvolt.integration.ChargingStationSlotsControllerIT]/[method:createChargingSlot_WhenInvalidChargingSpeed_ReturnsBadRequest()]
display-name: createChargingSlot_WhenInvalidChargingSpeed_ReturnsBadRequest()
]]></system-out>
<properties>
<property name="requirements" value="SV-68"/>
<property name="tags" value="IT-Fast"/>
<property name="_dummy_" value=""/>
</properties>
</testcase>
<testcase name="getChargingStationsByChargingSpeed_WhenInputSpeedsAreEmpty_ThrowsResourceNotFoundException" classname="ua.tqs.smartvolt.smartvolt.services.ChargingStationServiceTest" time="0" started-at="2025-06-04T13:26:46.387785106" finished-at="2025-06-04T13:26:47.190658274">
<system-out><![CDATA[
unique-id: [engine:junit-jupiter]/[class:ua.tqs.smartvolt.smartvolt.services.ChargingStationServiceTest]/[method:getChargingStationsByChargingSpeed_WhenInputSpeedsAreEmpty_ThrowsResourceNotFoundException()]
display-name: getChargingStationsByChargingSpeed_WhenInputSpeedsAreEmpty_ThrowsResourceNotFoundException()
]]></system-out>
<properties>
<property name="requirements" value="SV-19"/>
<property name="tags" value="UnitTest"/>
<property name="_dummy_" value=""/>
</properties>
</testcase>
<testcase name="getEnergyConsumption_ValidRequest_ReturnsEnergyConsumption" classname="ua.tqs.smartvolt.smartvolt.integration.BookingControllerIT" time="0" started-at="2025-06-04T13:26:45.013076957" finished-at="2025-06-04T13:26:45.198911153">
<system-out><![CDATA[
unique-id: [engine:junit-jupiter]/[class:ua.tqs.smartvolt.smartvolt.integration.BookingControllerIT]/[method:getEnergyConsumption_ValidRequest_ReturnsEnergyConsumption()]
display-name: getEnergyConsumption_ValidRequest_ReturnsEnergyConsumption()
]]></system-out>
<properties>
<property name="requirements" value="SV-36"/>
<property name="tags" value="IT-Fast,IT-Booking"/>
<property name="_dummy_" value=""/>
</properties>
</testcase>
<testcase name="getAllChargingStations_WhenOperatorDoesNotExist_ThrowsResourceNotFoundException" classname="ua.tqs.smartvolt.smartvolt.services.ChargingStationServiceTest" time="0" started-at="2025-06-04T13:26:47.283856684" finished-at="2025-06-04T13:26:47.286932689">
<system-out><![CDATA[
unique-id: [engine:junit-jupiter]/[class:ua.tqs.smartvolt.smartvolt.services.ChargingStationServiceTest]/[method:getAllChargingStations_WhenOperatorDoesNotExist_ThrowsResourceNotFoundException()]
display-name: getAllChargingStations_WhenOperatorDoesNotExist_ThrowsResourceNotFoundException()
]]></system-out>
<properties>
<property name="requirements" value="SV-34"/>
<property name="tags" value="UnitTest"/>
<property name="_dummy_" value=""/>
</properties>
</testcase>
<testcase name="getAvailableSlots_ValidRequest_ReturnsCorrectSlots" classname="ua.tqs.smartvolt.smartvolt.services.ChargingSlotServiceTest" time="0" started-at="2025-06-04T13:26:47.719818864" finished-at="2025-06-04T13:26:47.725803897">
<system-out><![CDATA[
unique-id: [engine:junit-jupiter]/[class:ua.tqs.smartvolt.smartvolt.services.ChargingSlotServiceTest]/[method:getAvailableSlots_ValidRequest_ReturnsCorrectSlots()]
display-name: getAvailableSlots_ValidRequest_ReturnsCorrectSlots()
]]></system-out>
<properties>
<property name="requirements" value="SV-24"/>
<property name="tags" value="UnitTest"/>
<property name="_dummy_" value=""/>
</properties>
</testcase>
<testcase name="createChargingSlot_WhenValidRequestFastSpeed_ReturnsCreatedSlot" classname="ua.tqs.smartvolt.smartvolt.integration.ChargingStationSlotsControllerIT" time="0" started-at="2025-06-04T13:26:36.298032769" finished-at="2025-06-04T13:26:36.476332912">
<system-out><![CDATA[
unique-id: [engine:junit-jupiter]/[class:ua.tqs.smartvolt.smartvolt.integration.ChargingStationSlotsControllerIT]/[method:createChargingSlot_WhenValidRequestFastSpeed_ReturnsCreatedSlot()]
display-name: createChargingSlot_WhenValidRequestFastSpeed_ReturnsCreatedSlot()
]]></system-out>
<properties>
<property name="requirements" value="SV-68"/>
<property name="tags" value="IT-Fast"/>
<property name="_dummy_" value=""/>
</properties>
</testcase>
<system-out><![CDATA[
unique-id: [engine:junit-jupiter]
display-name: JUnit Jupiter
]]></system-out>
</testsuite>
