<?xml version="1.0" encoding="UTF-8"?>
<testsuite name="JUnit Jupiter" tests="116" skipped="0" failures="0" errors="0" time="35" hostname="lenovo" timestamp="2025-06-05T16:49:49">
<properties>
[...]
</properties>
<testcase name="activateChargingStation_WhenChargingStationExists_ThenActivatesChargingStation" classname="ua.tqs.smartvolt.smartvolt.integration.ChargingStationControllerIT" time="0" started-at="2025-06-05T15:49:27.592898089" finished-at="2025-06-05T15:49:27.716699251">
<system-out><![CDATA[
unique-id: [engine:junit-jupiter]/[class:ua.tqs.smartvolt.smartvolt.integration.ChargingStationControllerIT]/[method:activateChargingStation_WhenChargingStationExists_ThenActivatesChargingStation()]
display-name: activateChargingStation_WhenChargingStationExists_ThenActivatesChargingStation()
]]></system-out>
<properties>
<property name="requirements" value="SV-35"/>
<property name="tags" value="IT-Fast"/>
<property name="_dummy_" value=""/>
</properties>
</testcase>
<testcase name="getChargingStationsByChargingSpeed_WhenNoStationsFound_ThrowsResourceNotFoundException" classname="ua.tqs.smartvolt.smartvolt.services.ChargingStationServiceTest" time="0" started-at="2025-06-05T15:49:49.414006142" finished-at="2025-06-05T15:49:49.417492043">
<system-out><![CDATA[
unique-id: [engine:junit-jupiter]/[class:ua.tqs.smartvolt.smartvolt.services.ChargingStationServiceTest]/[method:getChargingStationsByChargingSpeed_WhenNoStationsFound_ThrowsResourceNotFoundException()]
display-name: getChargingStationsByChargingSpeed_WhenNoStationsFound_ThrowsResourceNotFoundException()
]]></system-out>
<properties>
<property name="requirements" value="SV-19"/>
<property name="tags" value="UnitTest"/>
<property name="_dummy_" value=""/>
</properties>
</testcase>
<testcase name="getChargingStationsByChargingSpeed_Unauthorized_ReturnsForbidden" classname="ua.tqs.smartvolt.smartvolt.integration.ServiceStationsMapControllerIT" time="0" started-at="2025-06-05T15:49:36.934901716" finished-at="2025-06-05T15:49:37.026163982">
<system-out><![CDATA[
unique-id: [engine:junit-jupiter]/[class:ua.tqs.smartvolt.smartvolt.integration.ServiceStationsMapControllerIT]/[method:getChargingStationsByChargingSpeed_Unauthorized_ReturnsForbidden()]
display-name: getChargingStationsByChargingSpeed_Unauthorized_ReturnsForbidden()
]]></system-out>
<properties>
<property name="requirements" value="SV-19"/>
<property name="tags" value="IT-Fast"/>
<property name="_dummy_" value=""/>
</properties>
</testcase>
<testcase name="createBooking_AlreadyOccupiedSlot_ReturnsConflict" classname="ua.tqs.smartvolt.smartvolt.integration.BookingControllerIT" time="0" started-at="2025-06-05T15:49:47.91755148" finished-at="2025-06-05T15:49:48.164663506">
<system-out><![CDATA[
unique-id: [engine:junit-jupiter]/[class:ua.tqs.smartvolt.smartvolt.integration.BookingControllerIT]/[method:createBooking_AlreadyOccupiedSlot_ReturnsConflict()]
display-name: createBooking_AlreadyOccupiedSlot_ReturnsConflict()
]]></system-out>
<properties>
<property name="requirements" value="SV-242"/>
<property name="tags" value="IT-Fast,IT-Booking"/>
<property name="_dummy_" value=""/>
</properties>
</testcase>
<testcase name="getUserInfo_ValidDriver_ReturnsUserInfo" classname="ua.tqs.smartvolt.smartvolt.integration.UserControllerIT" time="0" started-at="2025-06-05T15:49:43.249796943" finished-at="2025-06-05T15:49:43.5107564">
<system-out><![CDATA[
unique-id: [engine:junit-jupiter]/[class:ua.tqs.smartvolt.smartvolt.integration.UserControllerIT]/[method:getUserInfo_ValidDriver_ReturnsUserInfo()]
display-name: getUserInfo_ValidDriver_ReturnsUserInfo()
]]></system-out>
<properties>
<property name="requirements" value="SV-34"/>
<property name="tags" value="IT-Fast,IT-User"/>
<property name="_dummy_" value=""/>
</properties>
</testcase>
<testcase name="createBooking_StartTimeInPast_ThrowsIllegalArgumentException" classname="ua.tqs.smartvolt.smartvolt.services.BookingServiceTest" time="0" started-at="2025-06-05T15:49:49.814625238" finished-at="2025-06-05T15:49:49.817991045">
<system-out><![CDATA[
unique-id: [engine:junit-jupiter]/[class:ua.tqs.smartvolt.smartvolt.services.BookingServiceTest]/[method:createBooking_StartTimeInPast_ThrowsIllegalArgumentException()]
display-name: createBooking_StartTimeInPast_ThrowsIllegalArgumentException()
]]></system-out>
<properties>
<property name="requirements" value="SV-242"/>
<property name="tags" value="UnitTest"/>
<property name="_dummy_" value=""/>
</properties>
</testcase>
<testcase name="createBooking_ValidRequest_ReturnsCreatedBookingAndSavesToDb" classname="ua.tqs.smartvolt.smartvolt.integration.BookingControllerIT" time="0" started-at="2025-06-05T15:49:47.224783245" finished-at="2025-06-05T15:49:47.47896881">
<system-out><![CDATA[
unique-id: [engine:junit-jupiter]/[class:ua.tqs.smartvolt.smartvolt.integration.BookingControllerIT]/[method:createBooking_ValidRequest_ReturnsCreatedBookingAndSavesToDb()]
display-name: createBooking_ValidRequest_ReturnsCreatedBookingAndSavesToDb()
]]></system-out>
<properties>
<property name="requirements" value="SV-242"/>
<property name="tags" value="IT-Fast,IT-Booking"/>
<property name="_dummy_" value=""/>
</properties>
</testcase>
<testcase name="finalizeBookingPayment_BookingAlreadyPaid_ThrowsException" classname="ua.tqs.smartvolt.smartvolt.services.BookingServiceTest" time="0" started-at="2025-06-05T15:49:49.805243096" finished-at="2025-06-05T15:49:49.807763473">
<system-out><![CDATA[
unique-id: [engine:junit-jupiter]/[class:ua.tqs.smartvolt.smartvolt.services.BookingServiceTest]/[method:finalizeBookingPayment_BookingAlreadyPaid_ThrowsException()]
display-name: finalizeBookingPayment_BookingAlreadyPaid_ThrowsException()
]]></system-out>
<properties>
<property name="requirements" value="SV-26"/>
<property name="tags" value="UnitTest"/>
<property name="_dummy_" value=""/>
</properties>
</testcase>
<testcase name="getAllChargingStations_WhenOperatorNotExists_ThenThrowsResourceNotFoundException" classname="ua.tqs.smartvolt.smartvolt.integration.ChargingStationControllerIT" time="0" started-at="2025-06-05T15:49:27.892633981" finished-at="2025-06-05T15:49:28.027836356">
<system-out><![CDATA[
unique-id: [engine:junit-jupiter]/[class:ua.tqs.smartvolt.smartvolt.integration.ChargingStationControllerIT]/[method:getAllChargingStations_WhenOperatorNotExists_ThenThrowsResourceNotFoundException()]
display-name: getAllChargingStations_WhenOperatorNotExists_ThenThrowsResourceNotFoundException()
]]></system-out>
<properties>
<property name="requirements" value="SV-34"/>
<property name="tags" value="IT-Fast"/>
<property name="_dummy_" value=""/>
</properties>
</testcase>
<testcase name="getSessions_ValidRequest_ReturnsSessions" classname="ua.tqs.smartvolt.smartvolt.integration.ChargingSessionControllerIT" time="0" started-at="2025-06-05T15:49:39.586072812" finished-at="2025-06-05T15:49:39.739303941">
<system-out><![CDATA[
unique-id: [engine:junit-jupiter]/[class:ua.tqs.smartvolt.smartvolt.integration.ChargingSessionControllerIT]/[method:getSessions_ValidRequest_ReturnsSessions()]
display-name: getSessions_ValidRequest_ReturnsSessions()
]]></system-out>
<properties>
<property name="requirements" value="SV-36"/>
<property name="tags" value="IT-Fast"/>
<property name="_dummy_" value=""/>
</properties>
</testcase>
<testcase name="getChargingSlotsByStationId_MixedStationFiltersBySpeed_ReturnsCorrectSlots" classname="ua.tqs.smartvolt.smartvolt.integration.ChargingStationSlotsControllerIT" time="0" started-at="2025-06-05T15:49:31.728592937" finished-at="2025-06-05T15:49:32.038335017">
<system-out><![CDATA[
unique-id: [engine:junit-jupiter]/[class:ua.tqs.smartvolt.smartvolt.integration.ChargingStationSlotsControllerIT]/[method:getChargingSlotsByStationId_MixedStationFiltersBySpeed_ReturnsCorrectSlots()]
display-name: getChargingSlotsByStationId_MixedStationFiltersBySpeed_ReturnsCorrectSlots()
]]></system-out>
<properties>
<property name="requirements" value="SV-24"/>
<property name="tags" value="IT-Fast"/>
<property name="_dummy_" value=""/>
</properties>
</testcase>
<testcase name="finalizeBookingPayment_BookingExpired_ThrowsExceptionAndDeletesBooking" classname="ua.tqs.smartvolt.smartvolt.services.BookingServiceTest" time="0" started-at="2025-06-05T15:49:49.783896518" finished-at="2025-06-05T15:49:49.787001477">
<system-out><![CDATA[
unique-id: [engine:junit-jupiter]/[class:ua.tqs.smartvolt.smartvolt.services.BookingServiceTest]/[method:finalizeBookingPayment_BookingExpired_ThrowsExceptionAndDeletesBooking()]
display-name: finalizeBookingPayment_BookingExpired_ThrowsExceptionAndDeletesBooking()
]]></system-out>
<properties>
<property name="requirements" value="SV-26"/>
<property name="tags" value="UnitTest"/>
<property name="_dummy_" value=""/>
</properties>
</testcase>
<testcase name="createBooking_Unauthorized_ReturnsForbidden" classname="ua.tqs.smartvolt.smartvolt.integration.BookingControllerIT" time="0" started-at="2025-06-05T15:49:46.69741075" finished-at="2025-06-05T15:49:46.924960607">
<system-out><![CDATA[
unique-id: [engine:junit-jupiter]/[class:ua.tqs.smartvolt.smartvolt.integration.BookingControllerIT]/[method:createBooking_Unauthorized_ReturnsForbidden()]
display-name: createBooking_Unauthorized_ReturnsForbidden()
]]></system-out>
<properties>
<property name="requirements" value="SV-242"/>
<property name="tags" value="IT-Fast,IT-Booking"/>
<property name="_dummy_" value=""/>
</properties>
</testcase>
<testcase name="checkGreaterThan_shouldThrowException_whenValueIsNull" classname="ua.tqs.smartvolt.smartvolt.utils.validation.ValidatorTest" time="0" started-at="2025-06-05T15:49:48.613191285" finished-at="2025-06-05T15:49:48.613536429">
<system-out><![CDATA[
unique-id: [engine:junit-jupiter]/[class:ua.tqs.smartvolt.smartvolt.utils.validation.ValidatorTest]/[method:checkGreaterThan_shouldThrowException_whenValueIsNull()]
display-name: checkGreaterThan_shouldThrowException_whenValueIsNull()
]]></system-out>
<properties>
<property name="tags" value="UnitTest"/>
<property name="_dummy_" value=""/>
</properties>
</testcase>
<testcase name="createBooking_InvalidStartTimeInterval_ReturnsBadRequest" classname="ua.tqs.smartvolt.smartvolt.integration.BookingControllerIT" time="0" started-at="2025-06-05T15:49:48.165078441" finished-at="2025-06-05T15:49:48.377508714">
<system-out><![CDATA[
unique-id: [engine:junit-jupiter]/[class:ua.tqs.smartvolt.smartvolt.integration.BookingControllerIT]/[method:createBooking_InvalidStartTimeInterval_ReturnsBadRequest()]
display-name: createBooking_InvalidStartTimeInterval_ReturnsBadRequest()
]]></system-out>
<properties>
<property name="requirements" value="SV-242"/>
<property name="tags" value="IT-Fast,IT-Booking"/>
<property name="_dummy_" value=""/>
</properties>
</testcase>
<testcase name="getAvailableSlots_NoSlotsForSelectedSpeed_ReturnsEmptyListAndZeroPrice" classname="ua.tqs.smartvolt.smartvolt.services.ChargingSlotServiceTest" time="0" started-at="2025-06-05T15:49:49.854350722" finished-at="2025-06-05T15:49:49.856339907">
<system-out><![CDATA[
unique-id: [engine:junit-jupiter]/[class:ua.tqs.smartvolt.smartvolt.services.ChargingSlotServiceTest]/[method:getAvailableSlots_NoSlotsForSelectedSpeed_ReturnsEmptyListAndZeroPrice()]
display-name: getAvailableSlots_NoSlotsForSelectedSpeed_ReturnsEmptyListAndZeroPrice()
]]></system-out>
<properties>
<property name="requirements" value="SV-24"/>
<property name="tags" value="UnitTest"/>
<property name="_dummy_" value=""/>
</properties>
</testcase>
<testcase name="checkNotNull_shouldNotThrowException_whenObjectIsNotNull" classname="ua.tqs.smartvolt.smartvolt.utils.validation.ValidatorTest" time="0" started-at="2025-06-05T15:49:48.615224512" finished-at="2025-06-05T15:49:48.615574315">
<system-out><![CDATA[
unique-id: [engine:junit-jupiter]/[class:ua.tqs.smartvolt.smartvolt.utils.validation.ValidatorTest]/[method:checkNotNull_shouldNotThrowException_whenObjectIsNotNull()]
display-name: checkNotNull_shouldNotThrowException_whenObjectIsNotNull()
]]></system-out>
<properties>
<property name="tags" value="UnitTest"/>
<property name="_dummy_" value=""/>
</properties>
</testcase>
<testcase name="checkLessThan_shouldThrowException_whenValueIsNull" classname="ua.tqs.smartvolt.smartvolt.utils.validation.ValidatorTest" time="0" started-at="2025-06-05T15:49:48.621700046" finished-at="2025-06-05T15:49:48.622056261">
<system-out><![CDATA[
unique-id: [engine:junit-jupiter]/[class:ua.tqs.smartvolt.smartvolt.utils.validation.ValidatorTest]/[method:checkLessThan_shouldThrowException_whenValueIsNull()]
display-name: checkLessThan_shouldThrowException_whenValueIsNull()
]]></system-out>
<properties>
<property name="tags" value="UnitTest"/>
<property name="_dummy_" value=""/>
</properties>
</testcase>
<testcase name="createBooking_InvalidDriverId_ThrowsResourceNotFoundException" classname="ua.tqs.smartvolt.smartvolt.services.BookingServiceTest" time="0" started-at="2025-06-05T15:49:49.791539182" finished-at="2025-06-05T15:49:49.795712626">
<system-out><![CDATA[
unique-id: [engine:junit-jupiter]/[class:ua.tqs.smartvolt.smartvolt.services.BookingServiceTest]/[method:createBooking_InvalidDriverId_ThrowsResourceNotFoundException()]
display-name: createBooking_InvalidDriverId_ThrowsResourceNotFoundException()
]]></system-out>
<properties>
<property name="requirements" value="SV-242"/>
<property name="tags" value="UnitTest"/>
<property name="_dummy_" value=""/>
</properties>
</testcase>
<testcase name="createChargingSlot_WhenInvalidChargingSpeed_ThrowsInvalidRequestException" classname="ua.tqs.smartvolt.smartvolt.services.ChargingSlotServiceTest" time="0" started-at="2025-06-05T15:49:49.837253801" finished-at="2025-06-05T15:49:49.840473013">
<system-out><![CDATA[
unique-id: [engine:junit-jupiter]/[class:ua.tqs.smartvolt.smartvolt.services.ChargingSlotServiceTest]/[method:createChargingSlot_WhenInvalidChargingSpeed_ThrowsInvalidRequestException()]
display-name: createChargingSlot_WhenInvalidChargingSpeed_ThrowsInvalidRequestException()
]]></system-out>
<properties>
<property name="requirements" value="SV-68"/>
<property name="tags" value="UnitTest"/>
<property name="_dummy_" value=""/>
</properties>
</testcase>
<testcase name="getChargingSlotsByStationId_PastDate_ReturnsEmptyListAndZeroPrice" classname="ua.tqs.smartvolt.smartvolt.integration.ChargingStationSlotsControllerIT" time="0" started-at="2025-06-05T15:49:31.164664266" finished-at="2025-06-05T15:49:31.357496959">
<system-out><![CDATA[
unique-id: [engine:junit-jupiter]/[class:ua.tqs.smartvolt.smartvolt.integration.ChargingStationSlotsControllerIT]/[method:getChargingSlotsByStationId_PastDate_ReturnsEmptyListAndZeroPrice()]
display-name: getChargingSlotsByStationId_PastDate_ReturnsEmptyListAndZeroPrice()
]]></system-out>
<properties>
<property name="requirements" value="SV-24"/>
<property name="tags" value="IT-Fast"/>
<property name="_dummy_" value=""/>
</properties>
</testcase>
<testcase name="updateChargingStationStatus_WhenStationExists_UpdatesAvailability" classname="ua.tqs.smartvolt.smartvolt.services.ChargingStationServiceTest" time="0" started-at="2025-06-05T15:49:49.385378156" finished-at="2025-06-05T15:49:49.390077993">
<system-out><![CDATA[
unique-id: [engine:junit-jupiter]/[class:ua.tqs.smartvolt.smartvolt.services.ChargingStationServiceTest]/[method:updateChargingStationStatus_WhenStationExists_UpdatesAvailability()]
display-name: updateChargingStationStatus_WhenStationExists_UpdatesAvailability()
]]></system-out>
<properties>
<property name="requirements" value="SV-35"/>
<property name="tags" value="UnitTest"/>
<property name="_dummy_" value=""/>
</properties>
</testcase>
<testcase name="getEvDriverById_NonExistingId_ReturnsEmptyOptional" classname="ua.tqs.smartvolt.smartvolt.services.EvDriverServiceTest" time="0" started-at="2025-06-05T15:49:49.912819391" finished-at="2025-06-05T15:49:49.914167508">
<system-out><![CDATA[
unique-id: [engine:junit-jupiter]/[class:ua.tqs.smartvolt.smartvolt.services.EvDriverServiceTest]/[method:getEvDriverById_NonExistingId_ReturnsEmptyOptional()]
display-name: getEvDriverById_NonExistingId_ReturnsEmptyOptional()
]]></system-out>
<properties>
<property name="requirements" value="SV-32"/>
<property name="tags" value="UnitTest"/>
<property name="_dummy_" value=""/>
</properties>
</testcase>
<testcase name="getEvDriverByEmail_NonExistingEmail_ReturnsEmptyOptional" classname="ua.tqs.smartvolt.smartvolt.services.EvDriverServiceTest" time="0" started-at="2025-06-05T15:49:49.901350531" finished-at="2025-06-05T15:49:49.905652375">
<system-out><![CDATA[
unique-id: [engine:junit-jupiter]/[class:ua.tqs.smartvolt.smartvolt.services.EvDriverServiceTest]/[method:getEvDriverByEmail_NonExistingEmail_ReturnsEmptyOptional()]
display-name: getEvDriverByEmail_NonExistingEmail_ReturnsEmptyOptional()
]]></system-out>
<properties>
<property name="requirements" value="SV-32"/>
<property name="tags" value="UnitTest"/>
<property name="_dummy_" value=""/>
</properties>
</testcase>
<testcase name="createBooking_MissingStartTime_ReturnsInternalServerError" classname="ua.tqs.smartvolt.smartvolt.integration.BookingControllerIT" time="0" started-at="2025-06-05T15:49:47.4795632" finished-at="2025-06-05T15:49:47.701128402">
<system-out><![CDATA[
unique-id: [engine:junit-jupiter]/[class:ua.tqs.smartvolt.smartvolt.integration.BookingControllerIT]/[method:createBooking_MissingStartTime_ReturnsInternalServerError()]
display-name: createBooking_MissingStartTime_ReturnsInternalServerError()
]]></system-out>
<properties>
<property name="requirements" value="SV-242"/>
<property name="tags" value="IT-Fast,IT-Booking"/>
<property name="_dummy_" value=""/>
</properties>
</testcase>
<testcase name="getAvailableSlots_SomeSlotsBooked_ReturnsOnlyAvailableSlots" classname="ua.tqs.smartvolt.smartvolt.services.ChargingSlotServiceTest" time="0" started-at="2025-06-05T15:49:49.843838999" finished-at="2025-06-05T15:49:49.850797636">
<system-out><![CDATA[
unique-id: [engine:junit-jupiter]/[class:ua.tqs.smartvolt.smartvolt.services.ChargingSlotServiceTest]/[method:getAvailableSlots_SomeSlotsBooked_ReturnsOnlyAvailableSlots()]
display-name: getAvailableSlots_SomeSlotsBooked_ReturnsOnlyAvailableSlots()
]]></system-out>
<properties>
<property name="requirements" value="SV-24"/>
<property name="tags" value="UnitTest"/>
<property name="_dummy_" value=""/>
</properties>
</testcase>
<testcase name="checkCoordinates_shouldNotThrowException_whenCoordinatesAreValid" classname="ua.tqs.smartvolt.smartvolt.utils.validation.ValidatorTest" time="0" started-at="2025-06-05T15:49:48.616189284" finished-at="2025-06-05T15:49:48.616626611">
<system-out><![CDATA[
unique-id: [engine:junit-jupiter]/[class:ua.tqs.smartvolt.smartvolt.utils.validation.ValidatorTest]/[method:checkCoordinates_shouldNotThrowException_whenCoordinatesAreValid()]
display-name: checkCoordinates_shouldNotThrowException_whenCoordinatesAreValid()
]]></system-out>
<properties>
<property name="tags" value="UnitTest"/>
<property name="_dummy_" value=""/>
</properties>
</testcase>
<testcase name="checkCoordinates_shouldThrowException_whenLatitudeIsNull" classname="ua.tqs.smartvolt.smartvolt.utils.validation.ValidatorTest" time="0" started-at="2025-06-05T15:49:48.619769911" finished-at="2025-06-05T15:49:48.620530422">
<system-out><![CDATA[
unique-id: [engine:junit-jupiter]/[class:ua.tqs.smartvolt.smartvolt.utils.validation.ValidatorTest]/[method:checkCoordinates_shouldThrowException_whenLatitudeIsNull()]
display-name: checkCoordinates_shouldThrowException_whenLatitudeIsNull()
]]></system-out>
<properties>
<property name="tags" value="UnitTest"/>
<property name="_dummy_" value=""/>
</properties>
</testcase>
<testcase name="getChargingSlotsByStationId_Unauthorized_ReturnsForbidden" classname="ua.tqs.smartvolt.smartvolt.integration.ChargingStationSlotsControllerIT" time="0" started-at="2025-06-05T15:49:31.357992314" finished-at="2025-06-05T15:49:31.53723598">
<system-out><![CDATA[
unique-id: [engine:junit-jupiter]/[class:ua.tqs.smartvolt.smartvolt.integration.ChargingStationSlotsControllerIT]/[method:getChargingSlotsByStationId_Unauthorized_ReturnsForbidden()]
display-name: getChargingSlotsByStationId_Unauthorized_ReturnsForbidden()
]]></system-out>
<properties>
<property name="requirements" value="SV-24"/>
<property name="tags" value="IT-Fast"/>
<property name="_dummy_" value=""/>
</properties>
</testcase>
<testcase name="getChargingStationsByChargingSpeed_WhenInputSpeedsAreNull_ThrowsResourceNotFoundException" classname="ua.tqs.smartvolt.smartvolt.services.ChargingStationServiceTest" time="0" started-at="2025-06-05T15:49:49.403482197" finished-at="2025-06-05T15:49:49.40646027">
<system-out><![CDATA[
unique-id: [engine:junit-jupiter]/[class:ua.tqs.smartvolt.smartvolt.services.ChargingStationServiceTest]/[method:getChargingStationsByChargingSpeed_WhenInputSpeedsAreNull_ThrowsResourceNotFoundException()]
display-name: getChargingStationsByChargingSpeed_WhenInputSpeedsAreNull_ThrowsResourceNotFoundException()
]]></system-out>
<properties>
<property name="requirements" value="SV-19"/>
<property name="tags" value="UnitTest"/>
<property name="_dummy_" value=""/>
</properties>
</testcase>
<testcase name="getEvDriverInfo_ValidDriver_ReturnsUserInfoResponse" classname="ua.tqs.smartvolt.smartvolt.services.EvDriverServiceTest" time="0" started-at="2025-06-05T15:49:49.875784042" finished-at="2025-06-05T15:49:49.880328198">
<system-out><![CDATA[
unique-id: [engine:junit-jupiter]/[class:ua.tqs.smartvolt.smartvolt.services.EvDriverServiceTest]/[method:getEvDriverInfo_ValidDriver_ReturnsUserInfoResponse()]
display-name: getEvDriverInfo_ValidDriver_ReturnsUserInfoResponse()
]]></system-out>
<properties>
<property name="requirements" value="SV-31"/>
<property name="tags" value="UnitTest"/>
<property name="_dummy_" value=""/>
</properties>
</testcase>
<testcase name="finalizeBookingPayment_BookingNotFound_ThrowsException" classname="ua.tqs.smartvolt.smartvolt.services.BookingServiceTest" time="0" started-at="2025-06-05T15:49:49.780306563" finished-at="2025-06-05T15:49:49.783685574">
<system-out><![CDATA[
unique-id: [engine:junit-jupiter]/[class:ua.tqs.smartvolt.smartvolt.services.BookingServiceTest]/[method:finalizeBookingPayment_BookingNotFound_ThrowsException()]
display-name: finalizeBookingPayment_BookingNotFound_ThrowsException()
]]></system-out>
<properties>
<property name="requirements" value="SV-26"/>
<property name="tags" value="UnitTest"/>
<property name="_dummy_" value=""/>
</properties>
</testcase>
<testcase name="unlockChargingSlot_BookingNotPaidOrAlreadyUsed_ThrowsException" classname="ua.tqs.smartvolt.smartvolt.services.BookingServiceTest" time="0" started-at="2025-06-05T15:49:49.802205342" finished-at="2025-06-05T15:49:49.804987418">
<system-out><![CDATA[
unique-id: [engine:junit-jupiter]/[class:ua.tqs.smartvolt.smartvolt.services.BookingServiceTest]/[method:unlockChargingSlot_BookingNotPaidOrAlreadyUsed_ThrowsException()]
display-name: unlockChargingSlot_BookingNotPaidOrAlreadyUsed_ThrowsException()
]]></system-out>
<properties>
<property name="tags" value="UnitTest"/>
<property name="_dummy_" value=""/>
</properties>
</testcase>
<testcase name="checkUrl_shouldNotThrowException_whenUrlIsValid" classname="ua.tqs.smartvolt.smartvolt.utils.validation.ValidatorTest" time="0" started-at="2025-06-05T15:49:48.621133718" finished-at="2025-06-05T15:49:48.621613354">
<system-out><![CDATA[
unique-id: [engine:junit-jupiter]/[class:ua.tqs.smartvolt.smartvolt.utils.validation.ValidatorTest]/[method:checkUrl_shouldNotThrowException_whenUrlIsValid()]
display-name: checkUrl_shouldNotThrowException_whenUrlIsValid()
]]></system-out>
<properties>
<property name="tags" value="UnitTest"/>
<property name="_dummy_" value=""/>
</properties>
</testcase>
<testcase name="getChargingStationsByChargingSpeed_FilterSlowAndMedium_ReturnsCorrectStations" classname="ua.tqs.smartvolt.smartvolt.integration.ServiceStationsMapControllerIT" time="0" started-at="2025-06-05T15:49:37.026857728" finished-at="2025-06-05T15:49:37.137907658">
<system-out><![CDATA[
unique-id: [engine:junit-jupiter]/[class:ua.tqs.smartvolt.smartvolt.integration.ServiceStationsMapControllerIT]/[method:getChargingStationsByChargingSpeed_FilterSlowAndMedium_ReturnsCorrectStations()]
display-name: getChargingStationsByChargingSpeed_FilterSlowAndMedium_ReturnsCorrectStations()
]]></system-out>
<properties>
<property name="requirements" value="SV-19"/>
<property name="tags" value="IT-Fast"/>
<property name="_dummy_" value=""/>
</properties>
</testcase>
<testcase name="createChargingStation_WhenOperatorExists_ThenCreatesChargingStation" classname="ua.tqs.smartvolt.smartvolt.integration.ChargingStationControllerIT" time="0" started-at="2025-06-05T15:49:27.207612996" finished-at="2025-06-05T15:49:27.45704035">
<system-out><![CDATA[
unique-id: [engine:junit-jupiter]/[class:ua.tqs.smartvolt.smartvolt.integration.ChargingStationControllerIT]/[method:createChargingStation_WhenOperatorExists_ThenCreatesChargingStation()]
display-name: createChargingStation_WhenOperatorExists_ThenCreatesChargingStation()
]]></system-out>
<properties>
<property name="requirements" value="SV-34"/>
<property name="tags" value="IT-Fast"/>
<property name="_dummy_" value=""/>
</properties>
</testcase>
<testcase name="checkGreaterThan_shouldThrowException_whenValueIsLessThanThreshold" classname="ua.tqs.smartvolt.smartvolt.utils.validation.ValidatorTest" time="0" started-at="2025-06-05T15:49:48.614733164" finished-at="2025-06-05T15:49:48.615141317">
<system-out><![CDATA[
unique-id: [engine:junit-jupiter]/[class:ua.tqs.smartvolt.smartvolt.utils.validation.ValidatorTest]/[method:checkGreaterThan_shouldThrowException_whenValueIsLessThanThreshold()]
display-name: checkGreaterThan_shouldThrowException_whenValueIsLessThanThreshold()
]]></system-out>
<properties>
<property name="tags" value="UnitTest"/>
<property name="_dummy_" value=""/>
</properties>
</testcase>
<testcase name="updateChargingStationStatus_WhenStationNotExists_ThenThrowsResourceNotFoundException" classname="ua.tqs.smartvolt.smartvolt.integration.ChargingStationControllerIT" time="2" started-at="2025-06-05T15:49:24.93886781" finished-at="2025-06-05T15:49:27.206017998">
<system-out><![CDATA[
unique-id: [engine:junit-jupiter]/[class:ua.tqs.smartvolt.smartvolt.integration.ChargingStationControllerIT]/[method:updateChargingStationStatus_WhenStationNotExists_ThenThrowsResourceNotFoundException()]
display-name: updateChargingStationStatus_WhenStationNotExists_ThenThrowsResourceNotFoundException()
]]></system-out>
<properties>
<property name="requirements" value="SV-35"/>
<property name="tags" value="IT-Fast"/>
<property name="_dummy_" value=""/>
</properties>
</testcase>
<testcase name="createChargingStation_WhenOperatorExists_CreatesChargingStation" classname="ua.tqs.smartvolt.smartvolt.services.ChargingStationServiceTest" time="0" started-at="2025-06-05T15:49:49.406794093" finished-at="2025-06-05T15:49:49.410046628">
<system-out><![CDATA[
unique-id: [engine:junit-jupiter]/[class:ua.tqs.smartvolt.smartvolt.services.ChargingStationServiceTest]/[method:createChargingStation_WhenOperatorExists_CreatesChargingStation()]
display-name: createChargingStation_WhenOperatorExists_CreatesChargingStation()
]]></system-out>
<properties>
<property name="requirements" value="SV-34"/>
<property name="tags" value="UnitTest"/>
<property name="_dummy_" value=""/>
</properties>
</testcase>
<testcase name="checkGreaterThan_shouldNotThrowException_whenValueIsGraterThanThreshold" classname="ua.tqs.smartvolt.smartvolt.utils.validation.ValidatorTest" time="0" started-at="2025-06-05T15:49:48.617294188" finished-at="2025-06-05T15:49:48.617669749">
<system-out><![CDATA[
unique-id: [engine:junit-jupiter]/[class:ua.tqs.smartvolt.smartvolt.utils.validation.ValidatorTest]/[method:checkGreaterThan_shouldNotThrowException_whenValueIsGraterThanThreshold()]
display-name: checkGreaterThan_shouldNotThrowException_whenValueIsGraterThanThreshold()
]]></system-out>
<properties>
<property name="tags" value="UnitTest"/>
<property name="_dummy_" value=""/>
</properties>
</testcase>
<testcase name="getAvailableSlots_FutureDate_ReturnsAvailableSlots" classname="ua.tqs.smartvolt.smartvolt.services.ChargingSlotServiceTest" time="0" started-at="2025-06-05T15:49:49.856548106" finished-at="2025-06-05T15:49:49.863219145">
<system-out><![CDATA[
unique-id: [engine:junit-jupiter]/[class:ua.tqs.smartvolt.smartvolt.services.ChargingSlotServiceTest]/[method:getAvailableSlots_FutureDate_ReturnsAvailableSlots()]
display-name: getAvailableSlots_FutureDate_ReturnsAvailableSlots()
]]></system-out>
<properties>
<property name="requirements" value="SV-24"/>
<property name="tags" value="UnitTest"/>
<property name="_dummy_" value=""/>
</properties>
</testcase>
<testcase name="getUserStatistics_AfterNewBookings_UpdatesCorrectly" classname="ua.tqs.smartvolt.smartvolt.integration.UserControllerIT" time="0" started-at="2025-06-05T15:49:42.093553255" finished-at="2025-06-05T15:49:42.592877446">
<system-out><![CDATA[
unique-id: [engine:junit-jupiter]/[class:ua.tqs.smartvolt.smartvolt.integration.UserControllerIT]/[method:getUserStatistics_AfterNewBookings_UpdatesCorrectly()]
display-name: getUserStatistics_AfterNewBookings_UpdatesCorrectly()
]]></system-out>
<properties>
<property name="requirements" value="SV-33"/>
<property name="tags" value="IT-Fast,IT-User"/>
<property name="_dummy_" value=""/>
</properties>
</testcase>
<testcase name="getEvDriverConsumption_DriverNotFound_ThrowsResourceNotFoundException" classname="ua.tqs.smartvolt.smartvolt.services.EvDriverServiceTest" time="0" started-at="2025-06-05T15:49:49.916049113" finished-at="2025-06-05T15:49:49.918104481">
<system-out><![CDATA[
unique-id: [engine:junit-jupiter]/[class:ua.tqs.smartvolt.smartvolt.services.EvDriverServiceTest]/[method:getEvDriverConsumption_DriverNotFound_ThrowsResourceNotFoundException()]
display-name: getEvDriverConsumption_DriverNotFound_ThrowsResourceNotFoundException()
]]></system-out>
<properties>
<property name="requirements" value="SV-33"/>
<property name="tags" value="UnitTest"/>
<property name="_dummy_" value=""/>
</properties>
</testcase>
<testcase name="checkLessThan_shouldThrowException_whenValueIsEqualToExpected" classname="ua.tqs.smartvolt.smartvolt.utils.validation.ValidatorTest" time="0" started-at="2025-06-05T15:49:48.613626047" finished-at="2025-06-05T15:49:48.613994916">
<system-out><![CDATA[
unique-id: [engine:junit-jupiter]/[class:ua.tqs.smartvolt.smartvolt.utils.validation.ValidatorTest]/[method:checkLessThan_shouldThrowException_whenValueIsEqualToExpected()]
display-name: checkLessThan_shouldThrowException_whenValueIsEqualToExpected()
]]></system-out>
<properties>
<property name="tags" value="UnitTest"/>
<property name="_dummy_" value=""/>
</properties>
</testcase>
<testcase name="createBooking_InvalidStartTimeInterval_ThrowsIllegalArgumentException" classname="ua.tqs.smartvolt.smartvolt.services.BookingServiceTest" time="0" started-at="2025-06-05T15:49:49.787243729" finished-at="2025-06-05T15:49:49.790810381">
<system-out><![CDATA[
unique-id: [engine:junit-jupiter]/[class:ua.tqs.smartvolt.smartvolt.services.BookingServiceTest]/[method:createBooking_InvalidStartTimeInterval_ThrowsIllegalArgumentException()]
display-name: createBooking_InvalidStartTimeInterval_ThrowsIllegalArgumentException()
]]></system-out>
<properties>
<property name="requirements" value="SV-242"/>
<property name="tags" value="UnitTest"/>
<property name="_dummy_" value=""/>
</properties>
</testcase>
<testcase name="getAvailableSlots_PastDate_ReturnsEmptyListAndZeroPrice" classname="ua.tqs.smartvolt.smartvolt.services.ChargingSlotServiceTest" time="0" started-at="2025-06-05T15:49:49.870734992" finished-at="2025-06-05T15:49:49.872679363">
<system-out><![CDATA[
unique-id: [engine:junit-jupiter]/[class:ua.tqs.smartvolt.smartvolt.services.ChargingSlotServiceTest]/[method:getAvailableSlots_PastDate_ReturnsEmptyListAndZeroPrice()]
display-name: getAvailableSlots_PastDate_ReturnsEmptyListAndZeroPrice()
]]></system-out>
<properties>
<property name="requirements" value="SV-24"/>
<property name="tags" value="UnitTest"/>
<property name="_dummy_" value=""/>
</properties>
</testcase>
<testcase name="updateChargingStationStatus_WhenStationDoesNotExist_ThrowsResourceNotFoundException" classname="ua.tqs.smartvolt.smartvolt.services.ChargingStationServiceTest" time="0" started-at="2025-06-05T15:49:49.335888246" finished-at="2025-06-05T15:49:49.359241752">
<system-out><![CDATA[
unique-id: [engine:junit-jupiter]/[class:ua.tqs.smartvolt.smartvolt.services.ChargingStationServiceTest]/[method:updateChargingStationStatus_WhenStationDoesNotExist_ThrowsResourceNotFoundException()]
display-name: updateChargingStationStatus_WhenStationDoesNotExist_ThrowsResourceNotFoundException()
]]></system-out>
<properties>
<property name="requirements" value="SV-35"/>
<property name="tags" value="UnitTest"/>
<property name="_dummy_" value=""/>
</properties>
</testcase>
<testcase name="getChargingStationsByChargingSpeed_FilterSlow_ReturnsOnlySlowStations" classname="ua.tqs.smartvolt.smartvolt.integration.ServiceStationsMapControllerIT" time="0" started-at="2025-06-05T15:49:36.695595864" finished-at="2025-06-05T15:49:36.821403244">
<system-out><![CDATA[
unique-id: [engine:junit-jupiter]/[class:ua.tqs.smartvolt.smartvolt.integration.ServiceStationsMapControllerIT]/[method:getChargingStationsByChargingSpeed_FilterSlow_ReturnsOnlySlowStations()]
display-name: getChargingStationsByChargingSpeed_FilterSlow_ReturnsOnlySlowStations()
]]></system-out>
<properties>
<property name="requirements" value="SV-19"/>
<property name="tags" value="IT-Fast"/>
<property name="_dummy_" value=""/>
</properties>
</testcase>
<testcase name="getAvailableSlots_InvalidStationId_ThrowsResourceNotFoundException" classname="ua.tqs.smartvolt.smartvolt.services.ChargingSlotServiceTest" time="0" started-at="2025-06-05T15:49:49.840742997" finished-at="2025-06-05T15:49:49.843543417">
<system-out><![CDATA[
unique-id: [engine:junit-jupiter]/[class:ua.tqs.smartvolt.smartvolt.services.ChargingSlotServiceTest]/[method:getAvailableSlots_InvalidStationId_ThrowsResourceNotFoundException()]
display-name: getAvailableSlots_InvalidStationId_ThrowsResourceNotFoundException()
]]></system-out>
<properties>
<property name="requirements" value="SV-24"/>
<property name="tags" value="UnitTest"/>
<property name="_dummy_" value=""/>
</properties>
</testcase>
<testcase name="getChargingSlotsByStationId_InvalidStationId_ReturnsNotFound" classname="ua.tqs.smartvolt.smartvolt.integration.ChargingStationSlotsControllerIT" time="0" started-at="2025-06-05T15:49:32.039347748" finished-at="2025-06-05T15:49:32.237603441">
<system-out><![CDATA[
unique-id: [engine:junit-jupiter]/[class:ua.tqs.smartvolt.smartvolt.integration.ChargingStationSlotsControllerIT]/[method:getChargingSlotsByStationId_InvalidStationId_ReturnsNotFound()]
display-name: getChargingSlotsByStationId_InvalidStationId_ReturnsNotFound()
]]></system-out>
<properties>
<property name="requirements" value="SV-24"/>
<property name="tags" value="IT-Fast"/>
<property name="_dummy_" value=""/>
</properties>
</testcase>
<testcase name="getChargingSlotsByStationId_ValidRequest_ReturnsAvailableSlots" classname="ua.tqs.smartvolt.smartvolt.integration.ChargingStationSlotsControllerIT" time="0" started-at="2025-06-05T15:49:30.700788926" finished-at="2025-06-05T15:49:31.163902774">
<system-out><![CDATA[
unique-id: [engine:junit-jupiter]/[class:ua.tqs.smartvolt.smartvolt.integration.ChargingStationSlotsControllerIT]/[method:getChargingSlotsByStationId_ValidRequest_ReturnsAvailableSlots()]
display-name: getChargingSlotsByStationId_ValidRequest_ReturnsAvailableSlots()
]]></system-out>
<properties>
<property name="requirements" value="SV-24"/>
<property name="tags" value="IT-Fast"/>
<property name="_dummy_" value=""/>
</properties>
</testcase>
<testcase name="getSessions_ShouldReturnOperatorSessionsResponse" classname="ua.tqs.smartvolt.smartvolt.services.ChargingSessionServiceTest" time="0" started-at="2025-06-05T15:49:49.421834764" finished-at="2025-06-05T15:49:49.535969116">
<system-out><![CDATA[
unique-id: [engine:junit-jupiter]/[class:ua.tqs.smartvolt.smartvolt.services.ChargingSessionServiceTest]/[method:getSessions_ShouldReturnOperatorSessionsResponse()]
display-name: getSessions_ShouldReturnOperatorSessionsResponse()
]]></system-out>
<properties>
<property name="requirements" value="SV-36"/>
<property name="tags" value="UnitTest"/>
<property name="_dummy_" value=""/>
</properties>
</testcase>
<testcase name="getEvDriverById_ExistingId_ReturnsEvDriver" classname="ua.tqs.smartvolt.smartvolt.services.EvDriverServiceTest" time="0" started-at="2025-06-05T15:49:49.91845183" finished-at="2025-06-05T15:49:49.920878572">
<system-out><![CDATA[
unique-id: [engine:junit-jupiter]/[class:ua.tqs.smartvolt.smartvolt.services.EvDriverServiceTest]/[method:getEvDriverById_ExistingId_ReturnsEvDriver()]
display-name: getEvDriverById_ExistingId_ReturnsEvDriver()
]]></system-out>
<properties>
<property name="requirements" value="SV-32"/>
<property name="tags" value="UnitTest"/>
<property name="_dummy_" value=""/>
</properties>
</testcase>
<testcase name="createChargingSlot_WhenInvalidChargingSpeed_ReturnsBadRequest" classname="ua.tqs.smartvolt.smartvolt.integration.ChargingStationSlotsControllerIT" time="0" started-at="2025-06-05T15:49:32.662227415" finished-at="2025-06-05T15:49:32.831378364">
<system-out><![CDATA[
unique-id: [engine:junit-jupiter]/[class:ua.tqs.smartvolt.smartvolt.integration.ChargingStationSlotsControllerIT]/[method:createChargingSlot_WhenInvalidChargingSpeed_ReturnsBadRequest()]
display-name: createChargingSlot_WhenInvalidChargingSpeed_ReturnsBadRequest()
]]></system-out>
<properties>
<property name="requirements" value="SV-68"/>
<property name="tags" value="IT-Fast"/>
<property name="_dummy_" value=""/>
</properties>
</testcase>
<testcase name="getAvailableSlots_ValidRequest_ReturnsCorrectSlots" classname="ua.tqs.smartvolt.smartvolt.services.ChargingSlotServiceTest" time="0" started-at="2025-06-05T15:49:49.863482567" finished-at="2025-06-05T15:49:49.867574128">
<system-out><![CDATA[
unique-id: [engine:junit-jupiter]/[class:ua.tqs.smartvolt.smartvolt.services.ChargingSlotServiceTest]/[method:getAvailableSlots_ValidRequest_ReturnsCorrectSlots()]
display-name: getAvailableSlots_ValidRequest_ReturnsCorrectSlots()
]]></system-out>
<properties>
<property name="requirements" value="SV-24"/>
<property name="tags" value="UnitTest"/>
<property name="_dummy_" value=""/>
</properties>
</testcase>
<testcase name="createChargingSlot_WhenValidRequestFastSpeed_ReturnsCreatedSlot" classname="ua.tqs.smartvolt.smartvolt.integration.ChargingStationSlotsControllerIT" time="0" started-at="2025-06-05T15:49:32.831987312" finished-at="2025-06-05T15:49:33.02196784">
<system-out><![CDATA[
unique-id: [engine:junit-jupiter]/[class:ua.tqs.smartvolt.smartvolt.integration.ChargingStationSlotsControllerIT]/[method:createChargingSlot_WhenValidRequestFastSpeed_ReturnsCreatedSlot()]
display-name: createChargingSlot_WhenValidRequestFastSpeed_ReturnsCreatedSlot()
]]></system-out>
<properties>
<property name="requirements" value="SV-68"/>
<property name="tags" value="IT-Fast"/>
<property name="_dummy_" value=""/>
</properties>
</testcase>
<testcase name="getAllChargingStations_WhenOperatorExists_ReturnsListOfChargingStations" classname="ua.tqs.smartvolt.smartvolt.services.ChargingStationServiceTest" time="0" started-at="2025-06-05T15:49:49.360222353" finished-at="2025-06-05T15:49:49.384917665">
<system-out><![CDATA[
unique-id: [engine:junit-jupiter]/[class:ua.tqs.smartvolt.smartvolt.services.ChargingStationServiceTest]/[method:getAllChargingStations_WhenOperatorExists_ReturnsListOfChargingStations()]
display-name: getAllChargingStations_WhenOperatorExists_ReturnsListOfChargingStations()
]]></system-out>
<properties>
<property name="requirements" value="SV-34"/>
<property name="tags" value="UnitTest"/>
<property name="_dummy_" value=""/>
</properties>
</testcase>
<testcase name="checkNotEmptyList_shouldThrowException_whenListIsNullOrEmpty" classname="ua.tqs.smartvolt.smartvolt.utils.validation.ValidatorTest" time="0" started-at="2025-06-05T15:49:48.618736782" finished-at="2025-06-05T15:49:48.619156145">
<system-out><![CDATA[
unique-id: [engine:junit-jupiter]/[class:ua.tqs.smartvolt.smartvolt.utils.validation.ValidatorTest]/[method:checkNotEmptyList_shouldThrowException_whenListIsNullOrEmpty()]
display-name: checkNotEmptyList_shouldThrowException_whenListIsNullOrEmpty()
]]></system-out>
<properties>
<property name="tags" value="UnitTest"/>
<property name="_dummy_" value=""/>
</properties>
</testcase>
<testcase name="getEvDriverBookings_ValidDriverWithBookings_ReturnsChargingHistory" classname="ua.tqs.smartvolt.smartvolt.services.EvDriverServiceTest" time="0" started-at="2025-06-05T15:49:49.893972992" finished-at="2025-06-05T15:49:49.896939633">
<system-out><![CDATA[
unique-id: [engine:junit-jupiter]/[class:ua.tqs.smartvolt.smartvolt.services.EvDriverServiceTest]/[method:getEvDriverBookings_ValidDriverWithBookings_ReturnsChargingHistory()]
display-name: getEvDriverBookings_ValidDriverWithBookings_ReturnsChargingHistory()
]]></system-out>
<properties>
<property name="requirements" value="SV-32"/>
<property name="tags" value="UnitTest"/>
<property name="_dummy_" value=""/>
</properties>
</testcase>
<testcase name="getChargingHistory_ValidDriver_ReturnsHistoryInTableFormat" classname="ua.tqs.smartvolt.smartvolt.integration.UserControllerIT" time="0" started-at="2025-06-05T15:49:42.593472748" finished-at="2025-06-05T15:49:43.025282271">
<system-out><![CDATA[
unique-id: [engine:junit-jupiter]/[class:ua.tqs.smartvolt.smartvolt.integration.UserControllerIT]/[method:getChargingHistory_ValidDriver_ReturnsHistoryInTableFormat()]
display-name: getChargingHistory_ValidDriver_ReturnsHistoryInTableFormat()
]]></system-out>
<properties>
<property name="requirements" value="SV-32"/>
<property name="tags" value="IT-Fast,IT-User"/>
<property name="_dummy_" value=""/>
</properties>
</testcase>
<testcase name="checkLessThan_shouldThrowException_whenValueIsGreaterThanThreshold" classname="ua.tqs.smartvolt.smartvolt.utils.validation.ValidatorTest" time="0" started-at="2025-06-05T15:49:48.617760278" finished-at="2025-06-05T15:49:48.618108288">
<system-out><![CDATA[
unique-id: [engine:junit-jupiter]/[class:ua.tqs.smartvolt.smartvolt.utils.validation.ValidatorTest]/[method:checkLessThan_shouldThrowException_whenValueIsGreaterThanThreshold()]
display-name: checkLessThan_shouldThrowException_whenValueIsGreaterThanThreshold()
]]></system-out>
<properties>
<property name="tags" value="UnitTest"/>
<property name="_dummy_" value=""/>
</properties>
</testcase>
<testcase name="createBooking_NegativePower_ThrowsIllegalArgumentException" classname="ua.tqs.smartvolt.smartvolt.services.BookingServiceTest" time="0" started-at="2025-06-05T15:49:49.83058201" finished-at="2025-06-05T15:49:49.833321837">
<system-out><![CDATA[
unique-id: [engine:junit-jupiter]/[class:ua.tqs.smartvolt.smartvolt.services.BookingServiceTest]/[method:createBooking_NegativePower_ThrowsIllegalArgumentException()]
display-name: createBooking_NegativePower_ThrowsIllegalArgumentException()
]]></system-out>
<properties>
<property name="requirements" value="SV-242"/>
<property name="tags" value="UnitTest"/>
<property name="_dummy_" value=""/>
</properties>
</testcase>
<testcase name="deleteNotUsedBookings_DeletesExpiredNotUsedBookings" classname="ua.tqs.smartvolt.smartvolt.services.BookingServiceTest" time="0" started-at="2025-06-05T15:49:49.799424198" finished-at="2025-06-05T15:49:49.801904921">
<system-out><![CDATA[
unique-id: [engine:junit-jupiter]/[class:ua.tqs.smartvolt.smartvolt.services.BookingServiceTest]/[method:deleteNotUsedBookings_DeletesExpiredNotUsedBookings()]
display-name: deleteNotUsedBookings_DeletesExpiredNotUsedBookings()
]]></system-out>
<properties>
<property name="requirements" value="SV-27"/>
<property name="tags" value="UnitTest"/>
<property name="_dummy_" value=""/>
</properties>
</testcase>
<testcase name="whenUnlockChargingStation_thenStatusUpdated" classname="ua.tqs.smartvolt.smartvolt.integration.BookingControllerIT" time="0" started-at="2025-06-05T15:49:46.402532589" finished-at="2025-06-05T15:49:46.696883465">
<system-out><![CDATA[
unique-id: [engine:junit-jupiter]/[class:ua.tqs.smartvolt.smartvolt.integration.BookingControllerIT]/[method:whenUnlockChargingStation_thenStatusUpdated()]
display-name: whenUnlockChargingStation_thenStatusUpdated()
]]></system-out>
<properties>
<property name="requirements" value="SV-27"/>
<property name="tags" value="IT-Fast,IT-Booking"/>
<property name="_dummy_" value=""/>
</properties>
</testcase>
<testcase name="createBooking_InvalidSlotId_ThrowsResourceNotFoundException" classname="ua.tqs.smartvolt.smartvolt.services.BookingServiceTest" time="0" started-at="2025-06-05T15:49:49.776340376" finished-at="2025-06-05T15:49:49.780027773">
<system-out><![CDATA[
unique-id: [engine:junit-jupiter]/[class:ua.tqs.smartvolt.smartvolt.services.BookingServiceTest]/[method:createBooking_InvalidSlotId_ThrowsResourceNotFoundException()]
display-name: createBooking_InvalidSlotId_ThrowsResourceNotFoundException()
]]></system-out>
<properties>
<property name="requirements" value="SV-242"/>
<property name="tags" value="UnitTest"/>
<property name="_dummy_" value=""/>
</properties>
</testcase>
<testcase name="createBooking_PriceNotFoundForSlot_ThrowsResourceNotFoundException" classname="ua.tqs.smartvolt.smartvolt.services.BookingServiceTest" time="0" started-at="2025-06-05T15:49:49.818436807" finished-at="2025-06-05T15:49:49.822017595">
<system-out><![CDATA[
unique-id: [engine:junit-jupiter]/[class:ua.tqs.smartvolt.smartvolt.services.BookingServiceTest]/[method:createBooking_PriceNotFoundForSlot_ThrowsResourceNotFoundException()]
display-name: createBooking_PriceNotFoundForSlot_ThrowsResourceNotFoundException()
]]></system-out>
<properties>
<property name="requirements" value="SV-242"/>
<property name="tags" value="UnitTest"/>
<property name="_dummy_" value=""/>
</properties>
</testcase>
<testcase name="checkNotEmptyMap_shouldThrowException_whenMapIsNullOrEmpty" classname="ua.tqs.smartvolt.smartvolt.utils.validation.ValidatorTest" time="0" started-at="2025-06-05T15:49:48.611937573" finished-at="2025-06-05T15:49:48.61265891">
<system-out><![CDATA[
unique-id: [engine:junit-jupiter]/[class:ua.tqs.smartvolt.smartvolt.utils.validation.ValidatorTest]/[method:checkNotEmptyMap_shouldThrowException_whenMapIsNullOrEmpty()]
display-name: checkNotEmptyMap_shouldThrowException_whenMapIsNullOrEmpty()
]]></system-out>
<properties>
<property name="tags" value="UnitTest"/>
<property name="_dummy_" value=""/>
</properties>
</testcase>
<testcase name="createBooking_SlotAlreadyBooked_ThrowsSlotAlreadyBookedException" classname="ua.tqs.smartvolt.smartvolt.services.BookingServiceTest" time="0" started-at="2025-06-05T15:49:49.796001967" finished-at="2025-06-05T15:49:49.799135459">
<system-out><![CDATA[
unique-id: [engine:junit-jupiter]/[class:ua.tqs.smartvolt.smartvolt.services.BookingServiceTest]/[method:createBooking_SlotAlreadyBooked_ThrowsSlotAlreadyBookedException()]
display-name: createBooking_SlotAlreadyBooked_ThrowsSlotAlreadyBookedException()
]]></system-out>
<properties>
<property name="requirements" value="SV-242"/>
<property name="tags" value="UnitTest"/>
<property name="_dummy_" value=""/>
</properties>
</testcase>
<testcase name="unlockChargingSlot_DriverDoesNotMatch_ThrowsException" classname="ua.tqs.smartvolt.smartvolt.services.BookingServiceTest" time="0" started-at="2025-06-05T15:49:49.828089495" finished-at="2025-06-05T15:49:49.830337363">
<system-out><![CDATA[
unique-id: [engine:junit-jupiter]/[class:ua.tqs.smartvolt.smartvolt.services.BookingServiceTest]/[method:unlockChargingSlot_DriverDoesNotMatch_ThrowsException()]
display-name: unlockChargingSlot_DriverDoesNotMatch_ThrowsException()
]]></system-out>
<properties>
<property name="requirements" value="SV-27"/>
<property name="tags" value="UnitTest"/>
<property name="_dummy_" value=""/>
</properties>
</testcase>
<testcase name="createChargingSlot_WhenValidRequest_ReturnsCreatedSlot" classname="ua.tqs.smartvolt.smartvolt.services.ChargingSlotServiceTest" time="0" started-at="2025-06-05T15:49:49.851074553" finished-at="2025-06-05T15:49:49.853898136">
<system-out><![CDATA[
unique-id: [engine:junit-jupiter]/[class:ua.tqs.smartvolt.smartvolt.services.ChargingSlotServiceTest]/[method:createChargingSlot_WhenValidRequest_ReturnsCreatedSlot()]
display-name: createChargingSlot_WhenValidRequest_ReturnsCreatedSlot()
]]></system-out>
<properties>
<property name="requirements" value="SV-68"/>
<property name="tags" value="UnitTest"/>
<property name="_dummy_" value=""/>
</properties>
</testcase>
<testcase name="getEvDriverBookings_ValidDriverNoBookings_ReturnsEmptyList" classname="ua.tqs.smartvolt.smartvolt.services.EvDriverServiceTest" time="0" started-at="2025-06-05T15:49:49.910956802" finished-at="2025-06-05T15:49:49.912570416">
<system-out><![CDATA[
unique-id: [engine:junit-jupiter]/[class:ua.tqs.smartvolt.smartvolt.services.EvDriverServiceTest]/[method:getEvDriverBookings_ValidDriverNoBookings_ReturnsEmptyList()]
display-name: getEvDriverBookings_ValidDriverNoBookings_ReturnsEmptyList()
]]></system-out>
<properties>
<property name="requirements" value="SV-32"/>
<property name="tags" value="UnitTest"/>
<property name="_dummy_" value=""/>
</properties>
</testcase>
<testcase name="createChargingSlot_WhenValidRequest_ReturnsCreatedSlot" classname="ua.tqs.smartvolt.smartvolt.integration.ChargingStationSlotsControllerIT" time="0" started-at="2025-06-05T15:49:32.465296447" finished-at="2025-06-05T15:49:32.661636171">
<system-out><![CDATA[
unique-id: [engine:junit-jupiter]/[class:ua.tqs.smartvolt.smartvolt.integration.ChargingStationSlotsControllerIT]/[method:createChargingSlot_WhenValidRequest_ReturnsCreatedSlot()]
display-name: createChargingSlot_WhenValidRequest_ReturnsCreatedSlot()
]]></system-out>
<properties>
<property name="requirements" value="SV-68"/>
<property name="tags" value="IT-Fast"/>
<property name="_dummy_" value=""/>
</properties>
</testcase>
<testcase name="checkCoordinates_shouldThrowException_whenCoordinatesAreInvalid" classname="ua.tqs.smartvolt.smartvolt.utils.validation.ValidatorTest" time="0" started-at="2025-06-05T15:49:48.614088831" finished-at="2025-06-05T15:49:48.614614513">
<system-out><![CDATA[
unique-id: [engine:junit-jupiter]/[class:ua.tqs.smartvolt.smartvolt.utils.validation.ValidatorTest]/[method:checkCoordinates_shouldThrowException_whenCoordinatesAreInvalid()]
display-name: checkCoordinates_shouldThrowException_whenCoordinatesAreInvalid()
]]></system-out>
<properties>
<property name="tags" value="UnitTest"/>
<property name="_dummy_" value=""/>
</properties>
</testcase>
<testcase name="createBooking_PowerNotFoundForSlot_ThrowsResourceNotFoundException" classname="ua.tqs.smartvolt.smartvolt.services.BookingServiceTest" time="0" started-at="2025-06-05T15:49:49.542465429" finished-at="2025-06-05T15:49:49.76948359">
<system-out><![CDATA[
unique-id: [engine:junit-jupiter]/[class:ua.tqs.smartvolt.smartvolt.services.BookingServiceTest]/[method:createBooking_PowerNotFoundForSlot_ThrowsResourceNotFoundException()]
display-name: createBooking_PowerNotFoundForSlot_ThrowsResourceNotFoundException()
]]></system-out>
<properties>
<property name="requirements" value="SV-242"/>
<property name="tags" value="UnitTest"/>
<property name="_dummy_" value=""/>
</properties>
</testcase>
<testcase name="getAllChargingStations_WhenOperatorExists_ThenListOfChargingStations" classname="ua.tqs.smartvolt.smartvolt.integration.ChargingStationControllerIT" time="0" started-at="2025-06-05T15:49:27.717360957" finished-at="2025-06-05T15:49:27.891913927">
<system-out><![CDATA[
unique-id: [engine:junit-jupiter]/[class:ua.tqs.smartvolt.smartvolt.integration.ChargingStationControllerIT]/[method:getAllChargingStations_WhenOperatorExists_ThenListOfChargingStations()]
display-name: getAllChargingStations_WhenOperatorExists_ThenListOfChargingStations()
]]></system-out>
<properties>
<property name="requirements" value="SV-34"/>
<property name="tags" value="IT-Fast"/>
<property name="_dummy_" value=""/>
</properties>
</testcase>
<testcase name="getChargingStationsByChargingSpeed_FilterMedium_ReturnsOnlyMediumStations" classname="ua.tqs.smartvolt.smartvolt.integration.ServiceStationsMapControllerIT" time="0" started-at="2025-06-05T15:49:36.362321954" finished-at="2025-06-05T15:49:36.508696363">
<system-out><![CDATA[
unique-id: [engine:junit-jupiter]/[class:ua.tqs.smartvolt.smartvolt.integration.ServiceStationsMapControllerIT]/[method:getChargingStationsByChargingSpeed_FilterMedium_ReturnsOnlyMediumStations()]
display-name: getChargingStationsByChargingSpeed_FilterMedium_ReturnsOnlyMediumStations()
]]></system-out>
<properties>
<property name="requirements" value="SV-19"/>
<property name="tags" value="IT-Fast"/>
<property name="_dummy_" value=""/>
</properties>
</testcase>
<testcase name="getChargingHistory_NonEvDriverRole_ReturnsForbidden" classname="ua.tqs.smartvolt.smartvolt.integration.UserControllerIT" time="0" started-at="2025-06-05T15:49:43.025785921" finished-at="2025-06-05T15:49:43.249259389">
<system-out><![CDATA[
unique-id: [engine:junit-jupiter]/[class:ua.tqs.smartvolt.smartvolt.integration.UserControllerIT]/[method:getChargingHistory_NonEvDriverRole_ReturnsForbidden()]
display-name: getChargingHistory_NonEvDriverRole_ReturnsForbidden()
]]></system-out>
<properties>
<property name="requirements" value="SV-32"/>
<property name="tags" value="IT-Fast,IT-User"/>
<property name="_dummy_" value=""/>
</properties>
</testcase>
<testcase name="googleMapsDirectionsUrl_IsAccessible" classname="ua.tqs.smartvolt.smartvolt.integration.ExternalServicesIT" time="0" started-at="2025-06-05T15:49:33.430275197" finished-at="2025-06-05T15:49:34.071841588">
<system-out><![CDATA[
unique-id: [engine:junit-jupiter]/[class:ua.tqs.smartvolt.smartvolt.integration.ExternalServicesIT]/[method:googleMapsDirectionsUrl_IsAccessible()]
display-name: googleMapsDirectionsUrl_IsAccessible()
]]></system-out>
<properties>
<property name="tags" value="IT-Slow"/>
<property name="_dummy_" value=""/>
</properties>
</testcase>
<testcase name="checkLessThan_shouldNotThrowException_whenValueIsLessThanThreshold" classname="ua.tqs.smartvolt.smartvolt.utils.validation.ValidatorTest" time="0" started-at="2025-06-05T15:49:48.622135619" finished-at="2025-06-05T15:49:48.622475815">
<system-out><![CDATA[
unique-id: [engine:junit-jupiter]/[class:ua.tqs.smartvolt.smartvolt.utils.validation.ValidatorTest]/[method:checkLessThan_shouldNotThrowException_whenValueIsLessThanThreshold()]
display-name: checkLessThan_shouldNotThrowException_whenValueIsLessThanThreshold()
]]></system-out>
<properties>
<property name="tags" value="UnitTest"/>
<property name="_dummy_" value=""/>
</properties>
</testcase>
<testcase name="finalizeBookingPayment_ValidBookingNotUsed_StatusChangesToPaid" classname="ua.tqs.smartvolt.smartvolt.services.BookingServiceTest" time="0" started-at="2025-06-05T15:49:49.807975619" finished-at="2025-06-05T15:49:49.810700388">
<system-out><![CDATA[
unique-id: [engine:junit-jupiter]/[class:ua.tqs.smartvolt.smartvolt.services.BookingServiceTest]/[method:finalizeBookingPayment_ValidBookingNotUsed_StatusChangesToPaid()]
display-name: finalizeBookingPayment_ValidBookingNotUsed_StatusChangesToPaid()
]]></system-out>
<properties>
<property name="requirements" value="SV-26"/>
<property name="tags" value="UnitTest"/>
<property name="_dummy_" value=""/>
</properties>
</testcase>
<testcase name="getEvDriverConsumption_ValidDriverWithBookingsForCurrentMonth_ReturnsCorrectMonthlyConsumption" classname="ua.tqs.smartvolt.smartvolt.services.EvDriverServiceTest" time="0" started-at="2025-06-05T15:49:49.883533174" finished-at="2025-06-05T15:49:49.885840894">
<system-out><![CDATA[
unique-id: [engine:junit-jupiter]/[class:ua.tqs.smartvolt.smartvolt.services.EvDriverServiceTest]/[method:getEvDriverConsumption_ValidDriverWithBookingsForCurrentMonth_ReturnsCorrectMonthlyConsumption()]
display-name: getEvDriverConsumption_ValidDriverWithBookingsForCurrentMonth_ReturnsCorrectMonthlyConsumption()
]]></system-out>
<properties>
<property name="requirements" value="SV-33"/>
<property name="tags" value="UnitTest"/>
<property name="_dummy_" value=""/>
</properties>
</testcase>
<testcase name="getEvDriverConsumption_ValidDriverNoBookings_ReturnsEmptyConsumptionResponse" classname="ua.tqs.smartvolt.smartvolt.services.EvDriverServiceTest" time="0" started-at="2025-06-05T15:49:49.888359698" finished-at="2025-06-05T15:49:49.890693197">
<system-out><![CDATA[
unique-id: [engine:junit-jupiter]/[class:ua.tqs.smartvolt.smartvolt.services.EvDriverServiceTest]/[method:getEvDriverConsumption_ValidDriverNoBookings_ReturnsEmptyConsumptionResponse()]
display-name: getEvDriverConsumption_ValidDriverNoBookings_ReturnsEmptyConsumptionResponse()
]]></system-out>
<properties>
<property name="requirements" value="SV-33"/>
<property name="tags" value="UnitTest"/>
<property name="_dummy_" value=""/>
</properties>
</testcase>
<testcase name="getChargingStationsByChargingSpeed_NoFilters_ReturnsBadRequest" classname="ua.tqs.smartvolt.smartvolt.integration.ServiceStationsMapControllerIT" time="0" started-at="2025-06-05T15:49:36.603545397" finished-at="2025-06-05T15:49:36.695114986">
<system-out><![CDATA[
unique-id: [engine:junit-jupiter]/[class:ua.tqs.smartvolt.smartvolt.integration.ServiceStationsMapControllerIT]/[method:getChargingStationsByChargingSpeed_NoFilters_ReturnsBadRequest()]
display-name: getChargingStationsByChargingSpeed_NoFilters_ReturnsBadRequest()
]]></system-out>
<properties>
<property name="requirements" value="SV-19"/>
<property name="tags" value="IT-Fast"/>
<property name="_dummy_" value=""/>
</properties>
</testcase>
<testcase name="getChargingSlotsByStationId_NoSlotsForSelectedSpeed_ReturnsEmptyListAndZeroPrice" classname="ua.tqs.smartvolt.smartvolt.integration.ChargingStationSlotsControllerIT" time="0" started-at="2025-06-05T15:49:33.022459028" finished-at="2025-06-05T15:49:33.203039152">
<system-out><![CDATA[
unique-id: [engine:junit-jupiter]/[class:ua.tqs.smartvolt.smartvolt.integration.ChargingStationSlotsControllerIT]/[method:getChargingSlotsByStationId_NoSlotsForSelectedSpeed_ReturnsEmptyListAndZeroPrice()]
display-name: getChargingSlotsByStationId_NoSlotsForSelectedSpeed_ReturnsEmptyListAndZeroPrice()
]]></system-out>
<properties>
<property name="requirements" value="SV-24"/>
<property name="tags" value="IT-Fast"/>
<property name="_dummy_" value=""/>
</properties>
</testcase>
<testcase name="getEvDriverByEmail_ExistingEmail_ReturnsEvDriver" classname="ua.tqs.smartvolt.smartvolt.services.EvDriverServiceTest" time="0" started-at="2025-06-05T15:49:49.914406525" finished-at="2025-06-05T15:49:49.915761445">
<system-out><![CDATA[
unique-id: [engine:junit-jupiter]/[class:ua.tqs.smartvolt.smartvolt.services.EvDriverServiceTest]/[method:getEvDriverByEmail_ExistingEmail_ReturnsEvDriver()]
display-name: getEvDriverByEmail_ExistingEmail_ReturnsEvDriver()
]]></system-out>
<properties>
<property name="requirements" value="SV-32"/>
<property name="tags" value="UnitTest"/>
<property name="_dummy_" value=""/>
</properties>
</testcase>
<testcase name="createBooking_InvalidSlotId_ReturnsNotFound" classname="ua.tqs.smartvolt.smartvolt.integration.BookingControllerIT" time="0" started-at="2025-06-05T15:49:47.701558916" finished-at="2025-06-05T15:49:47.916993198">
<system-out><![CDATA[
unique-id: [engine:junit-jupiter]/[class:ua.tqs.smartvolt.smartvolt.integration.BookingControllerIT]/[method:createBooking_InvalidSlotId_ReturnsNotFound()]
display-name: createBooking_InvalidSlotId_ReturnsNotFound()
]]></system-out>
<properties>
<property name="requirements" value="SV-242"/>
<property name="tags" value="IT-Fast,IT-Booking"/>
<property name="_dummy_" value=""/>
</properties>
</testcase>
<testcase name="createChargingStation_WhenOperatorDoesNotExist_ThrowsResourceNotFoundException" classname="ua.tqs.smartvolt.smartvolt.services.ChargingStationServiceTest" time="0" started-at="2025-06-05T15:49:49.390578738" finished-at="2025-06-05T15:49:49.394059329">
<system-out><![CDATA[
unique-id: [engine:junit-jupiter]/[class:ua.tqs.smartvolt.smartvolt.services.ChargingStationServiceTest]/[method:createChargingStation_WhenOperatorDoesNotExist_ThrowsResourceNotFoundException()]
display-name: createChargingStation_WhenOperatorDoesNotExist_ThrowsResourceNotFoundException()
]]></system-out>
<properties>
<property name="requirements" value="SV-34"/>
<property name="tags" value="UnitTest"/>
<property name="_dummy_" value=""/>
</properties>
</testcase>
<testcase name="createChargingSlot_WhenStationNotFound_ReturnsNotFound" classname="ua.tqs.smartvolt.smartvolt.integration.ChargingStationSlotsControllerIT" time="0" started-at="2025-06-05T15:49:31.537769987" finished-at="2025-06-05T15:49:31.727953352">
<system-out><![CDATA[
unique-id: [engine:junit-jupiter]/[class:ua.tqs.smartvolt.smartvolt.integration.ChargingStationSlotsControllerIT]/[method:createChargingSlot_WhenStationNotFound_ReturnsNotFound()]
display-name: createChargingSlot_WhenStationNotFound_ReturnsNotFound()
]]></system-out>
<properties>
<property name="requirements" value="SV-68"/>
<property name="tags" value="IT-Fast"/>
<property name="_dummy_" value=""/>
</properties>
</testcase>
<testcase name="getEnergyConsumption_ReturnsOperatorEnergyResponse" classname="ua.tqs.smartvolt.smartvolt.services.BookingServiceTest" time="0" started-at="2025-06-05T15:49:49.82229352" finished-at="2025-06-05T15:49:49.824979406">
<system-out><![CDATA[
unique-id: [engine:junit-jupiter]/[class:ua.tqs.smartvolt.smartvolt.services.BookingServiceTest]/[method:getEnergyConsumption_ReturnsOperatorEnergyResponse()]
display-name: getEnergyConsumption_ReturnsOperatorEnergyResponse()
]]></system-out>
<properties>
<property name="requirements" value="SV-36"/>
<property name="tags" value="UnitTest"/>
<property name="_dummy_" value=""/>
</properties>
</testcase>
<testcase name="getEvDriverSpending_ValidDriverNoBookings_ReturnsEmptySpendingResponse" classname="ua.tqs.smartvolt.smartvolt.services.EvDriverServiceTest" time="0" started-at="2025-06-05T15:49:49.906026384" finished-at="2025-06-05T15:49:49.908479435">
<system-out><![CDATA[
unique-id: [engine:junit-jupiter]/[class:ua.tqs.smartvolt.smartvolt.services.EvDriverServiceTest]/[method:getEvDriverSpending_ValidDriverNoBookings_ReturnsEmptySpendingResponse()]
display-name: getEvDriverSpending_ValidDriverNoBookings_ReturnsEmptySpendingResponse()
]]></system-out>
<properties>
<property name="requirements" value="SV-33"/>
<property name="tags" value="UnitTest"/>
<property name="_dummy_" value=""/>
</properties>
</testcase>
<testcase name="checkNotEmptyString_shouldNotThrowException_whenStringIsNotEmpty" classname="ua.tqs.smartvolt.smartvolt.utils.validation.ValidatorTest" time="0" started-at="2025-06-05T15:49:48.615652682" finished-at="2025-06-05T15:49:48.616061175">
<system-out><![CDATA[
unique-id: [engine:junit-jupiter]/[class:ua.tqs.smartvolt.smartvolt.utils.validation.ValidatorTest]/[method:checkNotEmptyString_shouldNotThrowException_whenStringIsNotEmpty()]
display-name: checkNotEmptyString_shouldNotThrowException_whenStringIsNotEmpty()
]]></system-out>
<properties>
<property name="tags" value="UnitTest"/>
<property name="_dummy_" value=""/>
</properties>
</testcase>
<testcase name="getEvDriverInfo_ValidDriverWithBookings_ReturnsUserInfoResponseWithTotals" classname="ua.tqs.smartvolt.smartvolt.services.EvDriverServiceTest" time="0" started-at="2025-06-05T15:49:49.88605796" finished-at="2025-06-05T15:49:49.888161588">
<system-out><![CDATA[
unique-id: [engine:junit-jupiter]/[class:ua.tqs.smartvolt.smartvolt.services.EvDriverServiceTest]/[method:getEvDriverInfo_ValidDriverWithBookings_ReturnsUserInfoResponseWithTotals()]
display-name: getEvDriverInfo_ValidDriverWithBookings_ReturnsUserInfoResponseWithTotals()
]]></system-out>
<properties>
<property name="requirements" value="SV-31"/>
<property name="tags" value="UnitTest"/>
<property name="_dummy_" value=""/>
</properties>
</testcase>
<testcase name="createChargingSlot_WhenStationNotFound_ThrowsResourceNotFoundException" classname="ua.tqs.smartvolt.smartvolt.services.ChargingSlotServiceTest" time="0" started-at="2025-06-05T15:49:49.867899616" finished-at="2025-06-05T15:49:49.870518527">
<system-out><![CDATA[
unique-id: [engine:junit-jupiter]/[class:ua.tqs.smartvolt.smartvolt.services.ChargingSlotServiceTest]/[method:createChargingSlot_WhenStationNotFound_ThrowsResourceNotFoundException()]
display-name: createChargingSlot_WhenStationNotFound_ThrowsResourceNotFoundException()
]]></system-out>
<properties>
<property name="requirements" value="SV-68"/>
<property name="tags" value="UnitTest"/>
<property name="_dummy_" value=""/>
</properties>
</testcase>
<testcase name="createBooking_ValidRequest_ReturnsCreatedBooking" classname="ua.tqs.smartvolt.smartvolt.services.BookingServiceTest" time="0" started-at="2025-06-05T15:49:49.77001933" finished-at="2025-06-05T15:49:49.776034825">
<system-out><![CDATA[
unique-id: [engine:junit-jupiter]/[class:ua.tqs.smartvolt.smartvolt.services.BookingServiceTest]/[method:createBooking_ValidRequest_ReturnsCreatedBooking()]
display-name: createBooking_ValidRequest_ReturnsCreatedBooking()
]]></system-out>
<properties>
<property name="requirements" value="SV-242"/>
<property name="tags" value="UnitTest"/>
<property name="_dummy_" value=""/>
</properties>
</testcase>
<testcase name="checkNotEmptyList_shouldNotThrowException_whenListIsNotEmpty" classname="ua.tqs.smartvolt.smartvolt.utils.validation.ValidatorTest" time="0" started-at="2025-06-05T15:49:48.612740022" finished-at="2025-06-05T15:49:48.613112057">
<system-out><![CDATA[
unique-id: [engine:junit-jupiter]/[class:ua.tqs.smartvolt.smartvolt.utils.validation.ValidatorTest]/[method:checkNotEmptyList_shouldNotThrowException_whenListIsNotEmpty()]
display-name: checkNotEmptyList_shouldNotThrowException_whenListIsNotEmpty()
]]></system-out>
<properties>
<property name="tags" value="UnitTest"/>
<property name="_dummy_" value=""/>
</properties>
</testcase>
<testcase name="getEvDriverBookings_DriverNotFound_ThrowsResourceNotFoundException" classname="ua.tqs.smartvolt.smartvolt.services.EvDriverServiceTest" time="0" started-at="2025-06-05T15:49:49.890915081" finished-at="2025-06-05T15:49:49.893659006">
<system-out><![CDATA[
unique-id: [engine:junit-jupiter]/[class:ua.tqs.smartvolt.smartvolt.services.EvDriverServiceTest]/[method:getEvDriverBookings_DriverNotFound_ThrowsResourceNotFoundException()]
display-name: getEvDriverBookings_DriverNotFound_ThrowsResourceNotFoundException()
]]></system-out>
<properties>
<property name="requirements" value="SV-32"/>
<property name="tags" value="UnitTest"/>
<property name="_dummy_" value=""/>
</properties>
</testcase>
<testcase name="checkLessThan_shouldThrowException_whenValueIsEqualToThreshold" classname="ua.tqs.smartvolt.smartvolt.utils.validation.ValidatorTest" time="0" started-at="2025-06-05T15:49:48.620630048" finished-at="2025-06-05T15:49:48.621050533">
<system-out><![CDATA[
unique-id: [engine:junit-jupiter]/[class:ua.tqs.smartvolt.smartvolt.utils.validation.ValidatorTest]/[method:checkLessThan_shouldThrowException_whenValueIsEqualToThreshold()]
display-name: checkLessThan_shouldThrowException_whenValueIsEqualToThreshold()
]]></system-out>
<properties>
<property name="tags" value="UnitTest"/>
<property name="_dummy_" value=""/>
</properties>
</testcase>
<testcase name="checkNotNull_shouldThrowException_whenObjectIsNull" classname="ua.tqs.smartvolt.smartvolt.utils.validation.ValidatorTest" time="0" started-at="2025-06-05T15:49:48.619274997" finished-at="2025-06-05T15:49:48.619676266">
<system-out><![CDATA[
unique-id: [engine:junit-jupiter]/[class:ua.tqs.smartvolt.smartvolt.utils.validation.ValidatorTest]/[method:checkNotNull_shouldThrowException_whenObjectIsNull()]
display-name: checkNotNull_shouldThrowException_whenObjectIsNull()
]]></system-out>
<properties>
<property name="tags" value="UnitTest"/>
<property name="_dummy_" value=""/>
</properties>
</testcase>
<testcase name="getChargingStationsByChargingSpeed_WhenStationsFound_ReturnsChargingStationsResponse" classname="ua.tqs.smartvolt.smartvolt.services.ChargingStationServiceTest" time="0" started-at="2025-06-05T15:49:49.394534056" finished-at="2025-06-05T15:49:49.403107207">
<system-out><![CDATA[
unique-id: [engine:junit-jupiter]/[class:ua.tqs.smartvolt.smartvolt.services.ChargingStationServiceTest]/[method:getChargingStationsByChargingSpeed_WhenStationsFound_ReturnsChargingStationsResponse()]
display-name: getChargingStationsByChargingSpeed_WhenStationsFound_ReturnsChargingStationsResponse()
]]></system-out>
<properties>
<property name="requirements" value="SV-19"/>
<property name="tags" value="UnitTest"/>
<property name="_dummy_" value=""/>
</properties>
</testcase>
<testcase name="checkUrl_shouldThrowException_whenUrlIsInvalid" classname="ua.tqs.smartvolt.smartvolt.utils.validation.ValidatorTest" time="0" started-at="2025-06-05T15:49:48.618186053" finished-at="2025-06-05T15:49:48.618657935">
<system-out><![CDATA[
unique-id: [engine:junit-jupiter]/[class:ua.tqs.smartvolt.smartvolt.utils.validation.ValidatorTest]/[method:checkUrl_shouldThrowException_whenUrlIsInvalid()]
display-name: checkUrl_shouldThrowException_whenUrlIsInvalid()
]]></system-out>
<properties>
<property name="tags" value="UnitTest"/>
<property name="_dummy_" value=""/>
</properties>
</testcase>
<testcase name="getEvDriverSpending_DriverNotFound_ThrowsResourceNotFoundException" classname="ua.tqs.smartvolt.smartvolt.services.EvDriverServiceTest" time="0" started-at="2025-06-05T15:49:49.897223022" finished-at="2025-06-05T15:49:49.900774305">
<system-out><![CDATA[
unique-id: [engine:junit-jupiter]/[class:ua.tqs.smartvolt.smartvolt.services.EvDriverServiceTest]/[method:getEvDriverSpending_DriverNotFound_ThrowsResourceNotFoundException()]
display-name: getEvDriverSpending_DriverNotFound_ThrowsResourceNotFoundException()
]]></system-out>
<properties>
<property name="requirements" value="SV-33"/>
<property name="tags" value="UnitTest"/>
<property name="_dummy_" value=""/>
</properties>
</testcase>
<testcase name="checkNotEmptyString_shouldThrowException_whenStringIsNullOrEmpty" classname="ua.tqs.smartvolt.smartvolt.utils.validation.ValidatorTest" time="0" started-at="2025-06-05T15:49:48.616713503" finished-at="2025-06-05T15:49:48.617214749">
<system-out><![CDATA[
unique-id: [engine:junit-jupiter]/[class:ua.tqs.smartvolt.smartvolt.utils.validation.ValidatorTest]/[method:checkNotEmptyString_shouldThrowException_whenStringIsNullOrEmpty()]
display-name: checkNotEmptyString_shouldThrowException_whenStringIsNullOrEmpty()
]]></system-out>
<properties>
<property name="tags" value="UnitTest"/>
<property name="_dummy_" value=""/>
</properties>
</testcase>
<testcase name="createBooking_NegativePricePerKWh_ThrowsIllegalArgumentException" classname="ua.tqs.smartvolt.smartvolt.services.BookingServiceTest" time="0" started-at="2025-06-05T15:49:49.811035143" finished-at="2025-06-05T15:49:49.814317393">
<system-out><![CDATA[
unique-id: [engine:junit-jupiter]/[class:ua.tqs.smartvolt.smartvolt.services.BookingServiceTest]/[method:createBooking_NegativePricePerKWh_ThrowsIllegalArgumentException()]
display-name: createBooking_NegativePricePerKWh_ThrowsIllegalArgumentException()
]]></system-out>
<properties>
<property name="requirements" value="SV-242"/>
<property name="tags" value="UnitTest"/>
<property name="_dummy_" value=""/>
</properties>
</testcase>
<testcase name="getBookingsToUnlock_InvalidDriver_ThrowsResourceNotFoundException" classname="ua.tqs.smartvolt.smartvolt.services.BookingServiceTest" time="0" started-at="2025-06-05T15:49:49.825221909" finished-at="2025-06-05T15:49:49.827835631">
<system-out><![CDATA[
unique-id: [engine:junit-jupiter]/[class:ua.tqs.smartvolt.smartvolt.services.BookingServiceTest]/[method:getBookingsToUnlock_InvalidDriver_ThrowsResourceNotFoundException()]
display-name: getBookingsToUnlock_InvalidDriver_ThrowsResourceNotFoundException()
]]></system-out>
<properties>
<property name="requirements" value="SV-27"/>
<property name="tags" value="UnitTest"/>
<property name="_dummy_" value=""/>
</properties>
</testcase>
<testcase name="whenGetCurrentBookings_thenReturnListOfBookings" classname="ua.tqs.smartvolt.smartvolt.integration.BookingControllerIT" time="0" started-at="2025-06-05T15:49:46.120912839" finished-at="2025-06-05T15:49:46.402086666">
<system-out><![CDATA[
unique-id: [engine:junit-jupiter]/[class:ua.tqs.smartvolt.smartvolt.integration.BookingControllerIT]/[method:whenGetCurrentBookings_thenReturnListOfBookings()]
display-name: whenGetCurrentBookings_thenReturnListOfBookings()
]]></system-out>
<properties>
<property name="requirements" value="SV-27"/>
<property name="tags" value="IT-Fast,IT-Booking"/>
<property name="_dummy_" value=""/>
</properties>
</testcase>
<testcase name="deactivateChargingStation_WhenChargingStationExists_ThenDeactivatesChargingStation" classname="ua.tqs.smartvolt.smartvolt.integration.ChargingStationControllerIT" time="0" started-at="2025-06-05T15:49:27.457796923" finished-at="2025-06-05T15:49:27.592168997">
<system-out><![CDATA[
unique-id: [engine:junit-jupiter]/[class:ua.tqs.smartvolt.smartvolt.integration.ChargingStationControllerIT]/[method:deactivateChargingStation_WhenChargingStationExists_ThenDeactivatesChargingStation()]
display-name: deactivateChargingStation_WhenChargingStationExists_ThenDeactivatesChargingStation()
]]></system-out>
<properties>
<property name="requirements" value="SV-35"/>
<property name="tags" value="IT-Fast"/>
<property name="_dummy_" value=""/>
</properties>
</testcase>
<testcase name="getChargingHistory_Unauthorized_ReturnsForbidden" classname="ua.tqs.smartvolt.smartvolt.integration.UserControllerIT" time="0" started-at="2025-06-05T15:49:43.511380967" finished-at="2025-06-05T15:49:43.738554435">
<system-out><![CDATA[
unique-id: [engine:junit-jupiter]/[class:ua.tqs.smartvolt.smartvolt.integration.UserControllerIT]/[method:getChargingHistory_Unauthorized_ReturnsForbidden()]
display-name: getChargingHistory_Unauthorized_ReturnsForbidden()
]]></system-out>
<properties>
<property name="requirements" value="SV-32"/>
<property name="tags" value="IT-Fast,IT-User"/>
<property name="_dummy_" value=""/>
</properties>
</testcase>
<testcase name="getChargingStationsByChargingSpeed_FilterFast_ReturnsOnlyFastStations" classname="ua.tqs.smartvolt.smartvolt.integration.ServiceStationsMapControllerIT" time="0" started-at="2025-06-05T15:49:36.822133929" finished-at="2025-06-05T15:49:36.934299432">
<system-out><![CDATA[
unique-id: [engine:junit-jupiter]/[class:ua.tqs.smartvolt.smartvolt.integration.ServiceStationsMapControllerIT]/[method:getChargingStationsByChargingSpeed_FilterFast_ReturnsOnlyFastStations()]
display-name: getChargingStationsByChargingSpeed_FilterFast_ReturnsOnlyFastStations()
]]></system-out>
<properties>
<property name="requirements" value="SV-19"/>
<property name="tags" value="IT-Fast"/>
<property name="_dummy_" value=""/>
</properties>
</testcase>
<testcase name="checkNotEmptyMap_shouldNotThrowException_whenMapIsNotEmpty" classname="ua.tqs.smartvolt.smartvolt.utils.validation.ValidatorTest" time="0" started-at="2025-06-05T15:49:48.610184088" finished-at="2025-06-05T15:49:48.611840612">
<system-out><![CDATA[
unique-id: [engine:junit-jupiter]/[class:ua.tqs.smartvolt.smartvolt.utils.validation.ValidatorTest]/[method:checkNotEmptyMap_shouldNotThrowException_whenMapIsNotEmpty()]
display-name: checkNotEmptyMap_shouldNotThrowException_whenMapIsNotEmpty()
]]></system-out>
<properties>
<property name="tags" value="UnitTest"/>
<property name="_dummy_" value=""/>
</properties>
</testcase>
<testcase name="getEvDriverInfo_DriverNotFound_ThrowsResourceNotFoundException" classname="ua.tqs.smartvolt.smartvolt.services.EvDriverServiceTest" time="0" started-at="2025-06-05T15:49:49.908675471" finished-at="2025-06-05T15:49:49.910695474">
<system-out><![CDATA[
unique-id: [engine:junit-jupiter]/[class:ua.tqs.smartvolt.smartvolt.services.EvDriverServiceTest]/[method:getEvDriverInfo_DriverNotFound_ThrowsResourceNotFoundException()]
display-name: getEvDriverInfo_DriverNotFound_ThrowsResourceNotFoundException()
]]></system-out>
<properties>
<property name="requirements" value="SV-31"/>
<property name="tags" value="UnitTest"/>
<property name="_dummy_" value=""/>
</properties>
</testcase>
<testcase name="getChargingStationsByChargingSpeed_InvalidSpeed_ReturnsEmptyListOrError" classname="ua.tqs.smartvolt.smartvolt.integration.ServiceStationsMapControllerIT" time="0" started-at="2025-06-05T15:49:36.509285022" finished-at="2025-06-05T15:49:36.603077904">
<system-out><![CDATA[
unique-id: [engine:junit-jupiter]/[class:ua.tqs.smartvolt.smartvolt.integration.ServiceStationsMapControllerIT]/[method:getChargingStationsByChargingSpeed_InvalidSpeed_ReturnsEmptyListOrError()]
display-name: getChargingStationsByChargingSpeed_InvalidSpeed_ReturnsEmptyListOrError()
]]></system-out>
<properties>
<property name="requirements" value="SV-19"/>
<property name="tags" value="IT-Fast"/>
<property name="_dummy_" value=""/>
</properties>
</testcase>
<testcase name="getChargingSlotsByStationId_FutureDate_ReturnsAvailableSlots" classname="ua.tqs.smartvolt.smartvolt.integration.ChargingStationSlotsControllerIT" time="0" started-at="2025-06-05T15:49:32.238482653" finished-at="2025-06-05T15:49:32.464663766">
<system-out><![CDATA[
unique-id: [engine:junit-jupiter]/[class:ua.tqs.smartvolt.smartvolt.integration.ChargingStationSlotsControllerIT]/[method:getChargingSlotsByStationId_FutureDate_ReturnsAvailableSlots()]
display-name: getChargingSlotsByStationId_FutureDate_ReturnsAvailableSlots()
]]></system-out>
<properties>
<property name="requirements" value="SV-24"/>
<property name="tags" value="IT-Fast"/>
<property name="_dummy_" value=""/>
</properties>
</testcase>
<testcase name="getEvDriverSpending_ValidDriverWithBookingsForCurrentMonth_ReturnsCorrectMonthlySpending" classname="ua.tqs.smartvolt.smartvolt.services.EvDriverServiceTest" time="0" started-at="2025-06-05T15:49:49.880642686" finished-at="2025-06-05T15:49:49.883287816">
<system-out><![CDATA[
unique-id: [engine:junit-jupiter]/[class:ua.tqs.smartvolt.smartvolt.services.EvDriverServiceTest]/[method:getEvDriverSpending_ValidDriverWithBookingsForCurrentMonth_ReturnsCorrectMonthlySpending()]
display-name: getEvDriverSpending_ValidDriverWithBookingsForCurrentMonth_ReturnsCorrectMonthlySpending()
]]></system-out>
<properties>
<property name="requirements" value="SV-33"/>
<property name="tags" value="UnitTest"/>
<property name="_dummy_" value=""/>
</properties>
</testcase>
<testcase name="getChargingStationsByChargingSpeed_WhenInputSpeedsAreEmpty_ThrowsResourceNotFoundException" classname="ua.tqs.smartvolt.smartvolt.services.ChargingStationServiceTest" time="0" started-at="2025-06-05T15:49:48.626533664" finished-at="2025-06-05T15:49:49.334852702">
<system-out><![CDATA[
unique-id: [engine:junit-jupiter]/[class:ua.tqs.smartvolt.smartvolt.services.ChargingStationServiceTest]/[method:getChargingStationsByChargingSpeed_WhenInputSpeedsAreEmpty_ThrowsResourceNotFoundException()]
display-name: getChargingStationsByChargingSpeed_WhenInputSpeedsAreEmpty_ThrowsResourceNotFoundException()
]]></system-out>
<properties>
<property name="requirements" value="SV-19"/>
<property name="tags" value="UnitTest"/>
<property name="_dummy_" value=""/>
</properties>
</testcase>
<testcase name="getEnergyConsumption_ValidRequest_ReturnsEnergyConsumption" classname="ua.tqs.smartvolt.smartvolt.integration.BookingControllerIT" time="0" started-at="2025-06-05T15:49:46.925489956" finished-at="2025-06-05T15:49:47.223868707">
<system-out><![CDATA[
unique-id: [engine:junit-jupiter]/[class:ua.tqs.smartvolt.smartvolt.integration.BookingControllerIT]/[method:getEnergyConsumption_ValidRequest_ReturnsEnergyConsumption()]
display-name: getEnergyConsumption_ValidRequest_ReturnsEnergyConsumption()
]]></system-out>
<properties>
<property name="requirements" value="SV-36"/>
<property name="tags" value="IT-Fast,IT-Booking"/>
<property name="_dummy_" value=""/>
</properties>
</testcase>
<testcase name="getAllChargingStations_WhenOperatorDoesNotExist_ThrowsResourceNotFoundException" classname="ua.tqs.smartvolt.smartvolt.services.ChargingStationServiceTest" time="0" started-at="2025-06-05T15:49:49.410364221" finished-at="2025-06-05T15:49:49.413618318">
<system-out><![CDATA[
unique-id: [engine:junit-jupiter]/[class:ua.tqs.smartvolt.smartvolt.services.ChargingStationServiceTest]/[method:getAllChargingStations_WhenOperatorDoesNotExist_ThrowsResourceNotFoundException()]
display-name: getAllChargingStations_WhenOperatorDoesNotExist_ThrowsResourceNotFoundException()
]]></system-out>
<properties>
<property name="requirements" value="SV-34"/>
<property name="tags" value="UnitTest"/>
<property name="_dummy_" value=""/>
</properties>
</testcase>
<system-out><![CDATA[
unique-id: [engine:junit-jupiter]
display-name: JUnit Jupiter
]]></system-out>
</testsuite>
